Started GET "/" for ::1 at 2016-12-24 17:56:49 +0000
Processing by HomeController#welcome as HTML
  Rendering inline template within layouts/application
Started GET "/" for ::1 at 2016-12-24 17:56:49 +0000
Processing by HomeController#welcome as HTML
  Rendering inline template within layouts/application
  Rendered inline template within layouts/application (7649.0ms)
  Rendered inline template within layouts/application (6969.8ms)
Completed 200 OK in 9727ms (Views: 9726.2ms | ActiveRecord: 0.0ms)


Started GET "/assets/home.self.css?body=1" for ::1 at 2016-12-24 17:56:59 +0000
Started GET "/assets/application.self.css?body=1" for ::1 at 2016-12-24 17:56:59 +0000
Started GET "/assets/corelib/runtime.self.js?body=1" for ::1 at 2016-12-24 17:56:59 +0000
Started GET "/assets/corelib/basic_object.self.js?body=1" for ::1 at 2016-12-24 17:56:59 +0000
Started GET "/assets/corelib/helpers.self.js?body=1" for ::1 at 2016-12-24 17:56:59 +0000
Started GET "/assets/corelib/error.self.js?body=1" for ::1 at 2016-12-24 17:56:59 +0000
Started GET "/assets/corelib/constants.self.js?body=1" for ::1 at 2016-12-24 17:56:59 +0000
Started GET "/assets/corelib/kernel.self.js?body=1" for ::1 at 2016-12-24 17:56:59 +0000
Started GET "/assets/corelib/boolean.self.js?body=1" for ::1 at 2016-12-24 17:56:59 +0000
Started GET "/assets/opal/base.self.js?body=1" for ::1 at 2016-12-24 17:56:59 +0000
Started GET "/assets/corelib/comparable.self.js?body=1" for ::1 at 2016-12-24 17:56:59 +0000
Started GET "/assets/corelib/module.self.js?body=1" for ::1 at 2016-12-24 17:57:00 +0000
Started GET "/assets/corelib/class.self.js?body=1" for ::1 at 2016-12-24 17:57:00 +0000
Completed 200 OK in 11317ms (Views: 11306.0ms | ActiveRecord: 0.0ms)


Started GET "/assets/corelib/regexp.self.js?body=1" for ::1 at 2016-12-24 17:57:00 +0000
Started GET "/assets/corelib/string.self.js?body=1" for ::1 at 2016-12-24 17:57:00 +0000
Started GET "/assets/corelib/nil.self.js?body=1" for ::1 at 2016-12-24 17:57:00 +0000
Started GET "/assets/corelib/enumerable.self.js?body=1" for ::1 at 2016-12-24 17:57:00 +0000
Started GET "/assets/corelib/array.self.js?body=1" for ::1 at 2016-12-24 17:57:00 +0000
Started GET "/assets/corelib/hash.self.js?body=1" for ::1 at 2016-12-24 17:57:00 +0000
Started GET "/assets/corelib/enumerator.self.js?body=1" for ::1 at 2016-12-24 17:57:00 +0000
Started GET "/assets/corelib/number.self.js?body=1" for ::1 at 2016-12-24 17:57:00 +0000
Started GET "/assets/corelib/range.self.js?body=1" for ::1 at 2016-12-24 17:57:00 +0000
Started GET "/assets/corelib/proc.self.js?body=1" for ::1 at 2016-12-24 17:57:00 +0000
Started GET "/assets/corelib/method.self.js?body=1" for ::1 at 2016-12-24 17:57:00 +0000
Started GET "/assets/corelib/variables.self.js?body=1" for ::1 at 2016-12-24 17:57:00 +0000
Started GET "/assets/opal/mini.self.js?body=1" for ::1 at 2016-12-24 17:57:00 +0000
Started GET "/assets/corelib/string/inheritance.self.js?body=1" for ::1 at 2016-12-24 17:57:00 +0000
Started GET "/assets/opal/regexp_anchors.self.js?body=1" for ::1 at 2016-12-24 17:57:00 +0000
Started GET "/assets/corelib/string/encoding.self.js?body=1" for ::1 at 2016-12-24 17:57:00 +0000
Started GET "/assets/corelib/rational.self.js?body=1" for ::1 at 2016-12-24 17:57:00 +0000
Started GET "/assets/corelib/complex.self.js?body=1" for ::1 at 2016-12-24 17:57:00 +0000
Started GET "/assets/corelib/math.self.js?body=1" for ::1 at 2016-12-24 17:57:00 +0000
Started GET "/assets/corelib/time.self.js?body=1" for ::1 at 2016-12-24 17:57:00 +0000
Started GET "/assets/corelib/io.self.js?body=1" for ::1 at 2016-12-24 17:57:00 +0000
Started GET "/assets/corelib/struct.self.js?body=1" for ::1 at 2016-12-24 17:57:00 +0000
Started GET "/assets/corelib/dir.self.js?body=1" for ::1 at 2016-12-24 17:57:00 +0000
Started GET "/assets/corelib/main.self.js?body=1" for ::1 at 2016-12-24 17:57:00 +0000
Started GET "/assets/corelib/process.self.js?body=1" for ::1 at 2016-12-24 17:57:00 +0000
Started GET "/assets/corelib/file.self.js?body=1" for ::1 at 2016-12-24 17:57:00 +0000
Started GET "/assets/opal.self.js?body=1" for ::1 at 2016-12-24 17:57:00 +0000
Started GET "/assets/react/react-source.self.js?body=1" for ::1 at 2016-12-24 17:57:00 +0000
Started GET "/assets/react/hash.self.js?body=1" for ::1 at 2016-12-24 17:57:00 +0000
Started GET "/assets/corelib/unsupported.self.js?body=1" for ::1 at 2016-12-24 17:57:00 +0000
Started GET "/assets/react.self.js?body=1" for ::1 at 2016-12-24 17:57:00 +0000
Started GET "/assets/react-server.self.js?body=1" for ::1 at 2016-12-24 17:57:00 +0000
Started GET "/assets/active_support/core_ext/object/try.self.js?body=1" for ::1 at 2016-12-24 17:57:00 +0000
Started GET "/assets/react/component/tags.self.js?body=1" for ::1 at 2016-12-24 17:57:00 +0000
Started GET "/assets/react/top_level.self.js?body=1" for ::1 at 2016-12-24 17:57:00 +0000
Started GET "/assets/react/component/base.self.js?body=1" for ::1 at 2016-12-24 17:57:00 +0000
Started GET "/assets/react/observable.self.js?body=1" for ::1 at 2016-12-24 17:57:00 +0000
Started GET "/assets/react/validator.self.js?body=1" for ::1 at 2016-12-24 17:57:00 +0000
Started GET "/assets/native.self.js?body=1" for ::1 at 2016-12-24 17:57:00 +0000
Started GET "/assets/active_support/core_ext/array/extract_options.self.js?body=1" for ::1 at 2016-12-24 17:57:00 +0000
Started GET "/assets/react/ext/string.self.js?body=1" for ::1 at 2016-12-24 17:57:00 +0000
Started GET "/assets/active_support/core_ext/module/remove_method.self.js?body=1" for ::1 at 2016-12-24 17:57:00 +0000
Started GET "/assets/react/ext/hash.self.js?body=1" for ::1 at 2016-12-24 17:57:00 +0000
Started GET "/assets/active_support/core_ext/class/attribute.self.js?body=1" for ::1 at 2016-12-24 17:57:00 +0000
Started GET "/assets/active_support/core_ext/kernel/singleton_class.self.js?body=1" for ::1 at 2016-12-24 17:57:00 +0000
Started GET "/assets/react/callbacks.self.js?body=1" for ::1 at 2016-12-24 17:57:00 +0000
Started GET "/assets/react/rendering_context.self.js?body=1" for ::1 at 2016-12-24 17:57:00 +0000
Started GET "/assets/react/component/class_methods.self.js?body=1" for ::1 at 2016-12-24 17:57:00 +0000
Started GET "/assets/react/component/props_wrapper.self.js?body=1" for ::1 at 2016-12-24 17:57:00 +0000
Started GET "/assets/react/state.self.js?body=1" for ::1 at 2016-12-24 17:57:00 +0000
Started GET "/assets/react/component/api.self.js?body=1" for ::1 at 2016-12-24 17:57:00 +0000
Started GET "/assets/react/children.self.js?body=1" for ::1 at 2016-12-24 17:57:00 +0000
Started GET "/assets/react/component/dsl_instance_methods.self.js?body=1" for ::1 at 2016-12-24 17:57:00 +0000
Started GET "/assets/react/component/should_component_update.self.js?body=1" for ::1 at 2016-12-24 17:57:00 +0000
Started GET "/assets/react/native_library.self.js?body=1" for ::1 at 2016-12-24 17:57:00 +0000
Started GET "/assets/react/component.self.js?body=1" for ::1 at 2016-12-24 17:57:00 +0000
Started GET "/assets/react/element.self.js?body=1" for ::1 at 2016-12-24 17:57:00 +0000
Started GET "/assets/react/object.self.js?body=1" for ::1 at 2016-12-24 17:57:00 +0000
Started GET "/assets/json.self.js?body=1" for ::1 at 2016-12-24 17:57:00 +0000
Started GET "/assets/react/api.self.js?body=1" for ::1 at 2016-12-24 17:57:00 +0000
Started GET "/assets/reactive-ruby/isomorphic_helpers.self.js?body=1" for ::1 at 2016-12-24 17:57:00 +0000
Started GET "/assets/rails-helpers/top_level_rails_component.self.js?body=1" for ::1 at 2016-12-24 17:57:00 +0000
Started GET "/assets/reactive-ruby/version.self.js?body=1" for ::1 at 2016-12-24 17:57:00 +0000
Started GET "/assets/react/event.self.js?body=1" for ::1 at 2016-12-24 17:57:00 +0000
Started GET "/assets/react/ext/opal-jquery/element.self.js?body=1" for ::1 at 2016-12-24 17:57:00 +0000
Started GET "/assets/opal/jquery/constants.self.js?body=1" for ::1 at 2016-12-24 17:57:00 +0000
Started GET "/assets/hyper-react.self.js?body=1" for ::1 at 2016-12-24 17:57:00 +0000
Started GET "/assets/opal/jquery/element.self.js?body=1" for ::1 at 2016-12-24 17:57:00 +0000
Started GET "/assets/opal/jquery/document.self.js?body=1" for ::1 at 2016-12-24 17:57:00 +0000
Started GET "/assets/opal/jquery/window.self.js?body=1" for ::1 at 2016-12-24 17:57:00 +0000
Started GET "/assets/opal/jquery/event.self.js?body=1" for ::1 at 2016-12-24 17:57:00 +0000
Started GET "/assets/opal/jquery/kernel.self.js?body=1" for ::1 at 2016-12-24 17:57:00 +0000
Started GET "/assets/opal/jquery/http.self.js?body=1" for ::1 at 2016-12-24 17:57:00 +0000
Started GET "/assets/opal-jquery.self.js?body=1" for ::1 at 2016-12-24 17:57:00 +0000
Started GET "/assets/promise.self.js?body=1" for ::1 at 2016-12-24 17:57:00 +0000
Started GET "/assets/paggio/utils.self.js?body=1" for ::1 at 2016-12-24 17:57:00 +0000
Started GET "/assets/opal/jquery.self.js?body=1" for ::1 at 2016-12-24 17:57:00 +0000
Started GET "/assets/paggio/html/helpers.self.js?body=1" for ::1 at 2016-12-24 17:57:00 +0000
Started GET "/assets/paggio/html/element/a.self.js?body=1" for ::1 at 2016-12-24 17:57:01 +0000
Started GET "/assets/paggio/html/element/blockquote.self.js?body=1" for ::1 at 2016-12-24 17:57:01 +0000
Started GET "/assets/paggio/html/element/button.self.js?body=1" for ::1 at 2016-12-24 17:57:01 +0000
Started GET "/assets/paggio/html/element/canvas.self.js?body=1" for ::1 at 2016-12-24 17:57:01 +0000
Started GET "/assets/paggio/html/element/embed.self.js?body=1" for ::1 at 2016-12-24 17:57:01 +0000
Started GET "/assets/paggio/html/element/img.self.js?body=1" for ::1 at 2016-12-24 17:57:01 +0000
Started GET "/assets/paggio/html/element/base.self.js?body=1" for ::1 at 2016-12-24 17:57:01 +0000
Started GET "/assets/paggio/html/element/input.self.js?body=1" for ::1 at 2016-12-24 17:57:01 +0000
Started GET "/assets/components/home/welcome.self.js?body=1" for ::1 at 2016-12-24 17:57:01 +0000
Started GET "/assets/paggio/html/element/link.self.js?body=1" for ::1 at 2016-12-24 17:57:01 +0000
Started GET "/assets/paggio/html/element/object.self.js?body=1" for ::1 at 2016-12-24 17:57:01 +0000
Started GET "/assets/paggio/html/element/option.self.js?body=1" for ::1 at 2016-12-24 17:57:01 +0000
Started GET "/assets/paggio/html/element/optgroup.self.js?body=1" for ::1 at 2016-12-24 17:57:01 +0000
Started GET "/assets/paggio/html/element/select.self.js?body=1" for ::1 at 2016-12-24 17:57:01 +0000
Started GET "/assets/paggio/html/element.self.js?body=1" for ::1 at 2016-12-24 17:57:01 +0000
Started GET "/assets/paggio/html/element/td.self.js?body=1" for ::1 at 2016-12-24 17:57:01 +0000
Started GET "/assets/paggio/css/color.self.js?body=1" for ::1 at 2016-12-24 17:57:01 +0000
Started GET "/assets/paggio/css/definition.self.js?body=1" for ::1 at 2016-12-24 17:57:01 +0000
Started GET "/assets/paggio/css/unit.self.js?body=1" for ::1 at 2016-12-24 17:57:01 +0000
Started GET "/assets/paggio/css/rule.self.js?body=1" for ::1 at 2016-12-24 17:57:01 +0000
Started GET "/assets/paggio/css/font.self.js?body=1" for ::1 at 2016-12-24 17:57:01 +0000
Started GET "/assets/paggio/html.self.js?body=1" for ::1 at 2016-12-24 17:57:01 +0000
Started GET "/assets/paggio/css/animation.self.js?body=1" for ::1 at 2016-12-24 17:57:01 +0000
Started GET "/assets/paggio/css.self.js?body=1" for ::1 at 2016-12-24 17:57:01 +0000
Started GET "/assets/stringio.self.js?body=1" for ::1 at 2016-12-24 17:57:01 +0000
Started GET "/assets/paggio/formatter.self.js?body=1" for ::1 at 2016-12-24 17:57:01 +0000
Started GET "/assets/browser/version.self.js?body=1" for ::1 at 2016-12-24 17:57:01 +0000
Started GET "/assets/paggio.self.js?body=1" for ::1 at 2016-12-24 17:57:01 +0000
Started GET "/assets/browser/utils.self.js?body=1" for ::1 at 2016-12-24 17:57:01 +0000
Started GET "/assets/browser/support.self.js?body=1" for ::1 at 2016-12-24 17:57:01 +0000
Started GET "/assets/browser/event/ui.self.js?body=1" for ::1 at 2016-12-24 17:57:01 +0000
Started GET "/assets/browser/event/base.self.js?body=1" for ::1 at 2016-12-24 17:57:01 +0000
Started GET "/assets/browser/event/keyboard.self.js?body=1" for ::1 at 2016-12-24 17:57:01 +0000
Started GET "/assets/browser/event/focus.self.js?body=1" for ::1 at 2016-12-24 17:57:01 +0000
Started GET "/assets/browser/event/mouse.self.js?body=1" for ::1 at 2016-12-24 17:57:01 +0000
Started GET "/assets/browser/event/wheel.self.js?body=1" for ::1 at 2016-12-24 17:57:01 +0000
Started GET "/assets/browser/event/composition.self.js?body=1" for ::1 at 2016-12-24 17:57:01 +0000
Started GET "/assets/browser/event/animation.self.js?body=1" for ::1 at 2016-12-24 17:57:01 +0000
Started GET "/assets/browser/event/audio_processing.self.js?body=1" for ::1 at 2016-12-24 17:57:01 +0000
Started GET "/assets/browser/event/clipboard.self.js?body=1" for ::1 at 2016-12-24 17:57:01 +0000
Started GET "/assets/browser/event/device_motion.self.js?body=1" for ::1 at 2016-12-24 17:57:01 +0000
Started GET "/assets/browser/event/device_light.self.js?body=1" for ::1 at 2016-12-24 17:57:01 +0000
Started GET "/assets/browser/event/before_unload.self.js?body=1" for ::1 at 2016-12-24 17:57:01 +0000
Started GET "/assets/browser/event/device_orientation.self.js?body=1" for ::1 at 2016-12-24 17:57:01 +0000
Started GET "/assets/browser/event/drag.self.js?body=1" for ::1 at 2016-12-24 17:57:01 +0000
Started GET "/assets/browser/event/device_proximity.self.js?body=1" for ::1 at 2016-12-24 17:57:01 +0000
Started GET "/assets/browser/event/hash_change.self.js?body=1" for ::1 at 2016-12-24 17:57:01 +0000
Started GET "/assets/browser/event/gamepad.self.js?body=1" for ::1 at 2016-12-24 17:57:01 +0000
Started GET "/assets/browser/event/progress.self.js?body=1" for ::1 at 2016-12-24 17:57:01 +0000
Started GET "/assets/browser/event/page_transition.self.js?body=1" for ::1 at 2016-12-24 17:57:01 +0000
Started GET "/assets/browser/event/pop_state.self.js?body=1" for ::1 at 2016-12-24 17:57:01 +0000
Started GET "/assets/browser/event/storage.self.js?body=1" for ::1 at 2016-12-24 17:57:01 +0000
Started GET "/assets/browser/event/touch.self.js?body=1" for ::1 at 2016-12-24 17:57:01 +0000
Started GET "/assets/browser/event/sensor.self.js?body=1" for ::1 at 2016-12-24 17:57:01 +0000
Started GET "/assets/buffer/array.self.js?body=1" for ::1 at 2016-12-24 17:57:01 +0000
Started GET "/assets/browser/event/custom.self.js?body=1" for ::1 at 2016-12-24 17:57:01 +0000
Started GET "/assets/ostruct.self.js?body=1" for ::1 at 2016-12-24 17:57:01 +0000
Started GET "/assets/buffer.self.js?body=1" for ::1 at 2016-12-24 17:57:01 +0000
Started GET "/assets/buffer/view.self.js?body=1" for ::1 at 2016-12-24 17:57:01 +0000
Started GET "/assets/browser/event/message.self.js?body=1" for ::1 at 2016-12-24 17:57:01 +0000
Started GET "/assets/browser/event/close.self.js?body=1" for ::1 at 2016-12-24 17:57:01 +0000
Started GET "/assets/browser/event.self.js?body=1" for ::1 at 2016-12-24 17:57:01 +0000
Started GET "/assets/browser/window/view.self.js?body=1" for ::1 at 2016-12-24 17:57:01 +0000
Started GET "/assets/browser/window/scroll.self.js?body=1" for ::1 at 2016-12-24 17:57:01 +0000
Started GET "/assets/browser/window/size.self.js?body=1" for ::1 at 2016-12-24 17:57:01 +0000
Started GET "/assets/browser/dom/node_set.self.js?body=1" for ::1 at 2016-12-24 17:57:01 +0000
Started GET "/assets/browser/window.self.js?body=1" for ::1 at 2016-12-24 17:57:01 +0000
Started GET "/assets/browser/dom/attribute.self.js?body=1" for ::1 at 2016-12-24 17:57:01 +0000
Started GET "/assets/browser/dom/character_data.self.js?body=1" for ::1 at 2016-12-24 17:57:01 +0000
Started GET "/assets/browser/dom/cdata.self.js?body=1" for ::1 at 2016-12-24 17:57:01 +0000
Started GET "/assets/browser/dom/text.self.js?body=1" for ::1 at 2016-12-24 17:57:01 +0000
Started GET "/assets/browser/dom/comment.self.js?body=1" for ::1 at 2016-12-24 17:57:01 +0000
Started GET "/assets/browser/dom/node.self.js?body=1" for ::1 at 2016-12-24 17:57:01 +0000
Started GET "/assets/browser/dom/element/attributes.self.js?body=1" for ::1 at 2016-12-24 17:57:01 +0000
Started GET "/assets/browser/dom/element/data.self.js?body=1" for ::1 at 2016-12-24 17:57:01 +0000
Started GET "/assets/browser/dom/element/offset.self.js?body=1" for ::1 at 2016-12-24 17:57:01 +0000
Started GET "/assets/browser/dom/element/scroll.self.js?body=1" for ::1 at 2016-12-24 17:57:01 +0000
Started GET "/assets/browser/dom/element/position.self.js?body=1" for ::1 at 2016-12-24 17:57:01 +0000
Started GET "/assets/browser/dom/element/size.self.js?body=1" for ::1 at 2016-12-24 17:57:01 +0000
Started GET "/assets/browser/dom/element/select.self.js?body=1" for ::1 at 2016-12-24 17:57:01 +0000
Started GET "/assets/browser/dom/element/image.self.js?body=1" for ::1 at 2016-12-24 17:57:01 +0000
Started GET "/assets/browser/dom/element/input.self.js?body=1" for ::1 at 2016-12-24 17:57:01 +0000
Started GET "/assets/browser/dom/element/textarea.self.js?body=1" for ::1 at 2016-12-24 17:57:01 +0000
Started GET "/assets/browser/dom/element.self.js?body=1" for ::1 at 2016-12-24 17:57:01 +0000
Started GET "/assets/browser/dom/document.self.js?body=1" for ::1 at 2016-12-24 17:57:01 +0000
Started GET "/assets/browser/dom/element/template.self.js?body=1" for ::1 at 2016-12-24 17:57:01 +0000
Started GET "/assets/browser/dom/builder.self.js?body=1" for ::1 at 2016-12-24 17:57:01 +0000
Started GET "/assets/browser/dom/document_fragment.self.js?body=1" for ::1 at 2016-12-24 17:57:01 +0000
Started GET "/assets/browser/css/rule.self.js?body=1" for ::1 at 2016-12-24 17:57:01 +0000
Started GET "/assets/browser/dom.self.js?body=1" for ::1 at 2016-12-24 17:57:01 +0000
Started GET "/assets/browser/dom/mutation_observer.self.js?body=1" for ::1 at 2016-12-24 17:57:01 +0000
Started GET "/assets/browser/css/style_sheet.self.js?body=1" for ::1 at 2016-12-24 17:57:01 +0000
Started GET "/assets/browser/css/rule/style.self.js?body=1" for ::1 at 2016-12-24 17:57:01 +0000
Started GET "/assets/browser/css/declaration.self.js?body=1" for ::1 at 2016-12-24 17:57:01 +0000
Started GET "/assets/browser/css.self.js?body=1" for ::1 at 2016-12-24 17:57:01 +0000
Started GET "/assets/browser.self.js?body=1" for ::1 at 2016-12-24 17:57:01 +0000
Started GET "/assets/browser/interval.self.js?body=1" for ::1 at 2016-12-24 17:57:01 +0000
Started GET "/assets/components.self.js?body=1" for ::1 at 2016-12-24 17:57:01 +0000
Started GET "/assets/react_ujs_turbolinks.self.js?body=1" for ::1 at 2016-12-24 17:57:01 +0000
Started GET "/assets/react_ujs_turbolinks_classic.self.js?body=1" for ::1 at 2016-12-24 17:57:01 +0000
Started GET "/assets/react_ujs_mount.self.js?body=1" for ::1 at 2016-12-24 17:57:01 +0000
Started GET "/assets/react_ujs_turbolinks_classic_deprecated.self.js?body=1" for ::1 at 2016-12-24 17:57:01 +0000
Started GET "/assets/react_ujs_pjax.self.js?body=1" for ::1 at 2016-12-24 17:57:01 +0000
Started GET "/assets/react_ujs_native.self.js?body=1" for ::1 at 2016-12-24 17:57:01 +0000
Started GET "/assets/react_ujs_event_setup.self.js?body=1" for ::1 at 2016-12-24 17:57:01 +0000
Started GET "/assets/react_ujs.self.js?body=1" for ::1 at 2016-12-24 17:57:01 +0000
Started GET "/assets/jquery.self.js?body=1" for ::1 at 2016-12-24 17:57:01 +0000
Started GET "/assets/browser/delay.self.js?body=1" for ::1 at 2016-12-24 17:57:01 +0000
Started GET "/assets/jquery_ujs.self.js?body=1" for ::1 at 2016-12-24 17:57:01 +0000
Started GET "/assets/cable.self.js?body=1" for ::1 at 2016-12-24 17:57:01 +0000
Started GET "/assets/turbolinks.self.js?body=1" for ::1 at 2016-12-24 17:57:01 +0000
Started GET "/assets/home.self.js?body=1" for ::1 at 2016-12-24 17:57:01 +0000
Started GET "/assets/action_cable.self.js?body=1" for ::1 at 2016-12-24 17:57:01 +0000
Started GET "/__OPAL_SOURCE_MAPS__/corelib/helpers.self.map" for ::1 at 2016-12-24 17:57:01 +0000
Started GET "/__OPAL_SOURCE_MAPS__/corelib/module.self.map" for ::1 at 2016-12-24 17:57:01 +0000
Started GET "/assets/application.self.js?body=1" for ::1 at 2016-12-24 17:57:01 +0000
Started GET "/__OPAL_SOURCE_MAPS__/corelib/class.self.map" for ::1 at 2016-12-24 17:57:01 +0000
Started GET "/__OPAL_SOURCE_MAPS__/corelib/basic_object.self.map" for ::1 at 2016-12-24 17:57:01 +0000
Started GET "/__OPAL_SOURCE_MAPS__/corelib/error.self.map" for ::1 at 2016-12-24 17:57:01 +0000
Started GET "/__OPAL_SOURCE_MAPS__/corelib/kernel.self.map" for ::1 at 2016-12-24 17:57:01 +0000
Started GET "/__OPAL_SOURCE_MAPS__/opal/base.self.map" for ::1 at 2016-12-24 17:57:01 +0000
Started GET "/__OPAL_SOURCE_MAPS__/corelib/nil.self.map" for ::1 at 2016-12-24 17:57:01 +0000
Started GET "/__OPAL_SOURCE_MAPS__/corelib/constants.self.map" for ::1 at 2016-12-24 17:57:01 +0000
Started GET "/__OPAL_SOURCE_MAPS__/corelib/boolean.self.map" for ::1 at 2016-12-24 17:57:01 +0000
Started GET "/__OPAL_SOURCE_MAPS__/corelib/comparable.self.map" for ::1 at 2016-12-24 17:57:02 +0000
Started GET "/__OPAL_SOURCE_MAPS__/corelib/enumerable.self.map" for ::1 at 2016-12-24 17:57:02 +0000
Started GET "/__OPAL_SOURCE_MAPS__/corelib/string.self.map" for ::1 at 2016-12-24 17:57:02 +0000
Started GET "/__OPAL_SOURCE_MAPS__/corelib/regexp.self.map" for ::1 at 2016-12-24 17:57:02 +0000
Started GET "/__OPAL_SOURCE_MAPS__/corelib/enumerator.self.map" for ::1 at 2016-12-24 17:57:02 +0000
Started GET "/assets/corelib/numeric.self.js?body=1" for ::1 at 2016-12-24 17:57:02 +0000
Started GET "/__OPAL_SOURCE_MAPS__/corelib/range.self.map" for ::1 at 2016-12-24 17:57:03 +0000
Started GET "/__OPAL_SOURCE_MAPS__/corelib/number.self.map" for ::1 at 2016-12-24 17:57:03 +0000
Started GET "/__OPAL_SOURCE_MAPS__/corelib/hash.self.map" for ::1 at 2016-12-24 17:57:03 +0000
Started GET "/__OPAL_SOURCE_MAPS__/corelib/array.self.map" for ::1 at 2016-12-24 17:57:03 +0000
Started GET "/__OPAL_SOURCE_MAPS__/corelib/numeric.self.map" for ::1 at 2016-12-24 17:57:03 +0000
Started GET "/__OPAL_SOURCE_MAPS__/corelib/method.self.map" for ::1 at 2016-12-24 17:57:03 +0000
Started GET "/__OPAL_SOURCE_MAPS__/corelib/variables.self.map" for ::1 at 2016-12-24 17:57:03 +0000
Started GET "/__OPAL_SOURCE_MAPS__/opal/regexp_anchors.self.map" for ::1 at 2016-12-24 17:57:03 +0000
Started GET "/__OPAL_SOURCE_MAPS__/opal/mini.self.map" for ::1 at 2016-12-24 17:57:03 +0000
Started GET "/__OPAL_SOURCE_MAPS__/corelib/string/inheritance.self.map" for ::1 at 2016-12-24 17:57:03 +0000
Started GET "/__OPAL_SOURCE_MAPS__/corelib/math.self.map" for ::1 at 2016-12-24 17:57:03 +0000
Started GET "/__OPAL_SOURCE_MAPS__/corelib/string/encoding.self.map" for ::1 at 2016-12-24 17:57:03 +0000
Started GET "/__OPAL_SOURCE_MAPS__/corelib/complex.self.map" for ::1 at 2016-12-24 17:57:03 +0000
Started GET "/__OPAL_SOURCE_MAPS__/corelib/rational.self.map" for ::1 at 2016-12-24 17:57:03 +0000
Started GET "/__OPAL_SOURCE_MAPS__/corelib/time.self.map" for ::1 at 2016-12-24 17:57:03 +0000
Started GET "/__OPAL_SOURCE_MAPS__/corelib/struct.self.map" for ::1 at 2016-12-24 17:57:03 +0000
Started GET "/__OPAL_SOURCE_MAPS__/corelib/main.self.map" for ::1 at 2016-12-24 17:57:03 +0000
Started GET "/__OPAL_SOURCE_MAPS__/corelib/dir.self.map" for ::1 at 2016-12-24 17:57:03 +0000
Started GET "/__OPAL_SOURCE_MAPS__/corelib/file.self.map" for ::1 at 2016-12-24 17:57:03 +0000
Started GET "/__OPAL_SOURCE_MAPS__/corelib/io.self.map" for ::1 at 2016-12-24 17:57:03 +0000
Started GET "/__OPAL_SOURCE_MAPS__/corelib/process.self.map" for ::1 at 2016-12-24 17:57:03 +0000
Started GET "/__OPAL_SOURCE_MAPS__/corelib/unsupported.self.map" for ::1 at 2016-12-24 17:57:03 +0000
Started GET "/__OPAL_SOURCE_MAPS__/opal.self.map" for ::1 at 2016-12-24 17:57:03 +0000
Started GET "/__OPAL_SOURCE_MAPS__/react/react-source.self.map" for ::1 at 2016-12-24 17:57:03 +0000
Started GET "/__OPAL_SOURCE_MAPS__/react/hash.self.map" for ::1 at 2016-12-24 17:57:03 +0000
Started GET "/__OPAL_SOURCE_MAPS__/active_support/core_ext/object/try.self.map" for ::1 at 2016-12-24 17:57:03 +0000
Started GET "/__OPAL_SOURCE_MAPS__/native.self.map" for ::1 at 2016-12-24 17:57:03 +0000
Started GET "/__OPAL_SOURCE_MAPS__/react/component/tags.self.map" for ::1 at 2016-12-24 17:57:03 +0000
Started GET "/__OPAL_SOURCE_MAPS__/react/component/base.self.map" for ::1 at 2016-12-24 17:57:03 +0000
Started GET "/__OPAL_SOURCE_MAPS__/react/top_level.self.map" for ::1 at 2016-12-24 17:57:03 +0000
Started GET "/__OPAL_SOURCE_MAPS__/react/observable.self.map" for ::1 at 2016-12-24 17:57:04 +0000
Started GET "/__OPAL_SOURCE_MAPS__/react/ext/string.self.map" for ::1 at 2016-12-24 17:57:04 +0000
Started GET "/__OPAL_SOURCE_MAPS__/active_support/core_ext/kernel/singleton_class.self.map" for ::1 at 2016-12-24 17:57:04 +0000
Started GET "/__OPAL_SOURCE_MAPS__/react/ext/hash.self.map" for ::1 at 2016-12-24 17:57:04 +0000
Started GET "/__OPAL_SOURCE_MAPS__/react/validator.self.map" for ::1 at 2016-12-24 17:57:04 +0000
Started GET "/__OPAL_SOURCE_MAPS__/active_support/core_ext/module/remove_method.self.map" for ::1 at 2016-12-24 17:57:04 +0000
Started GET "/__OPAL_SOURCE_MAPS__/active_support/core_ext/array/extract_options.self.map" for ::1 at 2016-12-24 17:57:04 +0000
Started GET "/__OPAL_SOURCE_MAPS__/active_support/core_ext/class/attribute.self.map" for ::1 at 2016-12-24 17:57:04 +0000
Started GET "/__OPAL_SOURCE_MAPS__/react/callbacks.self.map" for ::1 at 2016-12-24 17:57:04 +0000
Started GET "/__OPAL_SOURCE_MAPS__/react/rendering_context.self.map" for ::1 at 2016-12-24 17:57:04 +0000
Started GET "/__OPAL_SOURCE_MAPS__/react/state.self.map" for ::1 at 2016-12-24 17:57:04 +0000
Started GET "/__OPAL_SOURCE_MAPS__/react/component/api.self.map" for ::1 at 2016-12-24 17:57:04 +0000
Started GET "/__OPAL_SOURCE_MAPS__/react/component/class_methods.self.map" for ::1 at 2016-12-24 17:57:04 +0000
Started GET "/__OPAL_SOURCE_MAPS__/react/component/props_wrapper.self.map" for ::1 at 2016-12-24 17:57:04 +0000
Started GET "/__OPAL_SOURCE_MAPS__/react/children.self.map" for ::1 at 2016-12-24 17:57:04 +0000
Started GET "/__OPAL_SOURCE_MAPS__/react/component/should_component_update.self.map" for ::1 at 2016-12-24 17:57:04 +0000
Started GET "/__OPAL_SOURCE_MAPS__/react/component/dsl_instance_methods.self.map" for ::1 at 2016-12-24 17:57:04 +0000
Started GET "/__OPAL_SOURCE_MAPS__/react/element.self.map" for ::1 at 2016-12-24 17:57:04 +0000
Started GET "/__OPAL_SOURCE_MAPS__/react/event.self.map" for ::1 at 2016-12-24 17:57:04 +0000
Started GET "/__OPAL_SOURCE_MAPS__/react/native_library.self.map" for ::1 at 2016-12-24 17:57:04 +0000
Started GET "/__OPAL_SOURCE_MAPS__/react/api.self.map" for ::1 at 2016-12-24 17:57:04 +0000
Started GET "/__OPAL_SOURCE_MAPS__/react/component.self.map" for ::1 at 2016-12-24 17:57:04 +0000
Started GET "/__OPAL_SOURCE_MAPS__/react/object.self.map" for ::1 at 2016-12-24 17:57:04 +0000
Started GET "/__OPAL_SOURCE_MAPS__/react/ext/opal-jquery/element.self.map" for ::1 at 2016-12-24 17:57:04 +0000
Started GET "/__OPAL_SOURCE_MAPS__/json.self.map" for ::1 at 2016-12-24 17:57:04 +0000
Started GET "/__OPAL_SOURCE_MAPS__/reactive-ruby/isomorphic_helpers.self.map" for ::1 at 2016-12-24 17:57:04 +0000
Started GET "/__OPAL_SOURCE_MAPS__/rails-helpers/top_level_rails_component.self.map" for ::1 at 2016-12-24 17:57:04 +0000
Started GET "/__OPAL_SOURCE_MAPS__/reactive-ruby/version.self.map" for ::1 at 2016-12-24 17:57:04 +0000
Started GET "/__OPAL_SOURCE_MAPS__/opal/jquery/constants.self.map" for ::1 at 2016-12-24 17:57:04 +0000
Started GET "/__OPAL_SOURCE_MAPS__/opal/jquery/element.self.map" for ::1 at 2016-12-24 17:57:04 +0000
Started GET "/__OPAL_SOURCE_MAPS__/hyper-react.self.map" for ::1 at 2016-12-24 17:57:04 +0000
Started GET "/__OPAL_SOURCE_MAPS__/opal/jquery/document.self.map" for ::1 at 2016-12-24 17:57:04 +0000
Started GET "/__OPAL_SOURCE_MAPS__/opal/jquery/window.self.map" for ::1 at 2016-12-24 17:57:04 +0000
Started GET "/__OPAL_SOURCE_MAPS__/opal/jquery/event.self.map" for ::1 at 2016-12-24 17:57:04 +0000
Started GET "/__OPAL_SOURCE_MAPS__/promise.self.map" for ::1 at 2016-12-24 17:57:04 +0000
Started GET "/__OPAL_SOURCE_MAPS__/opal/jquery/http.self.map" for ::1 at 2016-12-24 17:57:04 +0000
Started GET "/__OPAL_SOURCE_MAPS__/opal/jquery/kernel.self.map" for ::1 at 2016-12-24 17:57:04 +0000
Started GET "/__OPAL_SOURCE_MAPS__/opal/jquery.self.map" for ::1 at 2016-12-24 17:57:04 +0000
Started GET "/__OPAL_SOURCE_MAPS__/opal-jquery.self.map" for ::1 at 2016-12-24 17:57:04 +0000
Started GET "/__OPAL_SOURCE_MAPS__/paggio/utils.self.map" for ::1 at 2016-12-24 17:57:04 +0000
Started GET "/__OPAL_SOURCE_MAPS__/paggio/html/helpers.self.map" for ::1 at 2016-12-24 17:57:04 +0000
Started GET "/__OPAL_SOURCE_MAPS__/paggio/html/element/a.self.map" for ::1 at 2016-12-24 17:57:04 +0000
Started GET "/__OPAL_SOURCE_MAPS__/paggio/html/element/base.self.map" for ::1 at 2016-12-24 17:57:04 +0000
Started GET "/__OPAL_SOURCE_MAPS__/paggio/html/element/blockquote.self.map" for ::1 at 2016-12-24 17:57:04 +0000
Started GET "/__OPAL_SOURCE_MAPS__/paggio/html/element/button.self.map" for ::1 at 2016-12-24 17:57:04 +0000
Started GET "/__OPAL_SOURCE_MAPS__/paggio/html/element/canvas.self.map" for ::1 at 2016-12-24 17:57:04 +0000
Started GET "/__OPAL_SOURCE_MAPS__/paggio/html/element/embed.self.map" for ::1 at 2016-12-24 17:57:04 +0000
Started GET "/__OPAL_SOURCE_MAPS__/paggio/html/element/input.self.map" for ::1 at 2016-12-24 17:57:04 +0000
Started GET "/__OPAL_SOURCE_MAPS__/paggio/html/element/img.self.map" for ::1 at 2016-12-24 17:57:04 +0000
Started GET "/__OPAL_SOURCE_MAPS__/paggio/html/element/link.self.map" for ::1 at 2016-12-24 17:57:04 +0000
Started GET "/__OPAL_SOURCE_MAPS__/paggio/html/element/object.self.map" for ::1 at 2016-12-24 17:57:04 +0000
Started GET "/__OPAL_SOURCE_MAPS__/paggio/html/element/optgroup.self.map" for ::1 at 2016-12-24 17:57:04 +0000
Started GET "/__OPAL_SOURCE_MAPS__/paggio/html/element/td.self.map" for ::1 at 2016-12-24 17:57:04 +0000
Started GET "/__OPAL_SOURCE_MAPS__/paggio/html/element/select.self.map" for ::1 at 2016-12-24 17:57:04 +0000
Started GET "/__OPAL_SOURCE_MAPS__/paggio/html/element.self.map" for ::1 at 2016-12-24 17:57:04 +0000
Started GET "/__OPAL_SOURCE_MAPS__/paggio/html.self.map" for ::1 at 2016-12-24 17:57:04 +0000
Started GET "/__OPAL_SOURCE_MAPS__/paggio/css/unit.self.map" for ::1 at 2016-12-24 17:57:04 +0000
Started GET "/__OPAL_SOURCE_MAPS__/paggio/css/color.self.map" for ::1 at 2016-12-24 17:57:04 +0000
Started GET "/__OPAL_SOURCE_MAPS__/paggio/html/element/option.self.map" for ::1 at 2016-12-24 17:57:04 +0000
Started GET "/__OPAL_SOURCE_MAPS__/paggio/css/rule.self.map" for ::1 at 2016-12-24 17:57:04 +0000
Started GET "/__OPAL_SOURCE_MAPS__/paggio/css/font.self.map" for ::1 at 2016-12-24 17:57:04 +0000
Started GET "/__OPAL_SOURCE_MAPS__/paggio/css/definition.self.map" for ::1 at 2016-12-24 17:57:04 +0000
Started GET "/__OPAL_SOURCE_MAPS__/paggio/css/animation.self.map" for ::1 at 2016-12-24 17:57:04 +0000
Started GET "/__OPAL_SOURCE_MAPS__/paggio/css.self.map" for ::1 at 2016-12-24 17:57:04 +0000
Started GET "/__OPAL_SOURCE_MAPS__/stringio.self.map" for ::1 at 2016-12-24 17:57:04 +0000
Started GET "/__OPAL_SOURCE_MAPS__/paggio/formatter.self.map" for ::1 at 2016-12-24 17:57:04 +0000
Started GET "/__OPAL_SOURCE_MAPS__/paggio.self.map" for ::1 at 2016-12-24 17:57:04 +0000
Started GET "/__OPAL_SOURCE_MAPS__/browser/utils.self.map" for ::1 at 2016-12-24 17:57:05 +0000
Started GET "/__OPAL_SOURCE_MAPS__/browser/version.self.map" for ::1 at 2016-12-24 17:57:05 +0000
Started GET "/__OPAL_SOURCE_MAPS__/browser/support.self.map" for ::1 at 2016-12-24 17:57:05 +0000
Started GET "/__OPAL_SOURCE_MAPS__/browser/event/base.self.map" for ::1 at 2016-12-24 17:57:05 +0000
Started GET "/__OPAL_SOURCE_MAPS__/browser/event/ui.self.map" for ::1 at 2016-12-24 17:57:05 +0000
Started GET "/__OPAL_SOURCE_MAPS__/browser/event/keyboard.self.map" for ::1 at 2016-12-24 17:57:05 +0000
Started GET "/__OPAL_SOURCE_MAPS__/browser/event/focus.self.map" for ::1 at 2016-12-24 17:57:05 +0000
Started GET "/__OPAL_SOURCE_MAPS__/browser/event/mouse.self.map" for ::1 at 2016-12-24 17:57:05 +0000
Started GET "/__OPAL_SOURCE_MAPS__/browser/event/wheel.self.map" for ::1 at 2016-12-24 17:57:05 +0000
Started GET "/__OPAL_SOURCE_MAPS__/browser/event/animation.self.map" for ::1 at 2016-12-24 17:57:05 +0000
Started GET "/__OPAL_SOURCE_MAPS__/browser/event/composition.self.map" for ::1 at 2016-12-24 17:57:05 +0000
Started GET "/__OPAL_SOURCE_MAPS__/browser/event/audio_processing.self.map" for ::1 at 2016-12-24 17:57:05 +0000
Started GET "/__OPAL_SOURCE_MAPS__/browser/event/before_unload.self.map" for ::1 at 2016-12-24 17:57:05 +0000
Started GET "/__OPAL_SOURCE_MAPS__/browser/event/clipboard.self.map" for ::1 at 2016-12-24 17:57:05 +0000
Started GET "/__OPAL_SOURCE_MAPS__/browser/event/device_light.self.map" for ::1 at 2016-12-24 17:57:05 +0000
Started GET "/__OPAL_SOURCE_MAPS__/browser/event/device_motion.self.map" for ::1 at 2016-12-24 17:57:05 +0000
Started GET "/__OPAL_SOURCE_MAPS__/browser/event/device_proximity.self.map" for ::1 at 2016-12-24 17:57:05 +0000
Started GET "/__OPAL_SOURCE_MAPS__/browser/event/device_orientation.self.map" for ::1 at 2016-12-24 17:57:05 +0000
Started GET "/__OPAL_SOURCE_MAPS__/browser/event/drag.self.map" for ::1 at 2016-12-24 17:57:05 +0000
Started GET "/__OPAL_SOURCE_MAPS__/browser/event/gamepad.self.map" for ::1 at 2016-12-24 17:57:05 +0000
Started GET "/__OPAL_SOURCE_MAPS__/browser/event/hash_change.self.map" for ::1 at 2016-12-24 17:57:05 +0000
Started GET "/__OPAL_SOURCE_MAPS__/browser/event/progress.self.map" for ::1 at 2016-12-24 17:57:05 +0000
Started GET "/__OPAL_SOURCE_MAPS__/browser/event/page_transition.self.map" for ::1 at 2016-12-24 17:57:05 +0000
Started GET "/__OPAL_SOURCE_MAPS__/browser/event/pop_state.self.map" for ::1 at 2016-12-24 17:57:05 +0000
Started GET "/__OPAL_SOURCE_MAPS__/browser/event/touch.self.map" for ::1 at 2016-12-24 17:57:05 +0000
Started GET "/__OPAL_SOURCE_MAPS__/browser/event/sensor.self.map" for ::1 at 2016-12-24 17:57:05 +0000
Started GET "/__OPAL_SOURCE_MAPS__/browser/event/storage.self.map" for ::1 at 2016-12-24 17:57:05 +0000
Started GET "/__OPAL_SOURCE_MAPS__/ostruct.self.map" for ::1 at 2016-12-24 17:57:05 +0000
Started GET "/__OPAL_SOURCE_MAPS__/buffer/array.self.map" for ::1 at 2016-12-24 17:57:05 +0000
Started GET "/__OPAL_SOURCE_MAPS__/browser/event/custom.self.map" for ::1 at 2016-12-24 17:57:05 +0000
Started GET "/__OPAL_SOURCE_MAPS__/buffer/view.self.map" for ::1 at 2016-12-24 17:57:05 +0000
Started GET "/__OPAL_SOURCE_MAPS__/buffer.self.map" for ::1 at 2016-12-24 17:57:05 +0000
Started GET "/__OPAL_SOURCE_MAPS__/browser/event/message.self.map" for ::1 at 2016-12-24 17:57:05 +0000
Started GET "/__OPAL_SOURCE_MAPS__/browser/event.self.map" for ::1 at 2016-12-24 17:57:05 +0000
Started GET "/__OPAL_SOURCE_MAPS__/browser/window/view.self.map" for ::1 at 2016-12-24 17:57:05 +0000
Started GET "/__OPAL_SOURCE_MAPS__/browser/event/close.self.map" for ::1 at 2016-12-24 17:57:05 +0000
Started GET "/__OPAL_SOURCE_MAPS__/browser/window/scroll.self.map" for ::1 at 2016-12-24 17:57:05 +0000
Started GET "/__OPAL_SOURCE_MAPS__/browser/window/size.self.map" for ::1 at 2016-12-24 17:57:05 +0000
Started GET "/__OPAL_SOURCE_MAPS__/browser/window.self.map" for ::1 at 2016-12-24 17:57:05 +0000
Started GET "/__OPAL_SOURCE_MAPS__/browser/dom/node_set.self.map" for ::1 at 2016-12-24 17:57:05 +0000
Started GET "/__OPAL_SOURCE_MAPS__/browser/dom/node.self.map" for ::1 at 2016-12-24 17:57:05 +0000
Started GET "/__OPAL_SOURCE_MAPS__/browser/dom/attribute.self.map" for ::1 at 2016-12-24 17:57:05 +0000
Started GET "/__OPAL_SOURCE_MAPS__/browser/dom/character_data.self.map" for ::1 at 2016-12-24 17:57:05 +0000
Started GET "/__OPAL_SOURCE_MAPS__/browser/dom/text.self.map" for ::1 at 2016-12-24 17:57:05 +0000
Started GET "/__OPAL_SOURCE_MAPS__/browser/dom/cdata.self.map" for ::1 at 2016-12-24 17:57:05 +0000
Started GET "/__OPAL_SOURCE_MAPS__/browser/dom/comment.self.map" for ::1 at 2016-12-24 17:57:05 +0000
Started GET "/__OPAL_SOURCE_MAPS__/browser/dom/element/attributes.self.map" for ::1 at 2016-12-24 17:57:05 +0000
Started GET "/__OPAL_SOURCE_MAPS__/browser/dom/element/data.self.map" for ::1 at 2016-12-24 17:57:05 +0000
Started GET "/__OPAL_SOURCE_MAPS__/browser/dom/element/offset.self.map" for ::1 at 2016-12-24 17:57:05 +0000
Started GET "/__OPAL_SOURCE_MAPS__/browser/dom/element/position.self.map" for ::1 at 2016-12-24 17:57:05 +0000
Started GET "/__OPAL_SOURCE_MAPS__/browser/dom/element/scroll.self.map" for ::1 at 2016-12-24 17:57:05 +0000
Started GET "/__OPAL_SOURCE_MAPS__/browser/dom/element/size.self.map" for ::1 at 2016-12-24 17:57:05 +0000
Started GET "/__OPAL_SOURCE_MAPS__/browser/dom/element/select.self.map" for ::1 at 2016-12-24 17:57:05 +0000
Started GET "/__OPAL_SOURCE_MAPS__/browser/dom/element/image.self.map" for ::1 at 2016-12-24 17:57:05 +0000
Started GET "/__OPAL_SOURCE_MAPS__/browser/dom/element/template.self.map" for ::1 at 2016-12-24 17:57:05 +0000
Started GET "/__OPAL_SOURCE_MAPS__/browser/dom/element/textarea.self.map" for ::1 at 2016-12-24 17:57:05 +0000
Started GET "/__OPAL_SOURCE_MAPS__/browser/dom/document.self.map" for ::1 at 2016-12-24 17:57:05 +0000
Started GET "/__OPAL_SOURCE_MAPS__/browser/dom/document_fragment.self.map" for ::1 at 2016-12-24 17:57:05 +0000
Started GET "/__OPAL_SOURCE_MAPS__/browser/dom/element/input.self.map" for ::1 at 2016-12-24 17:57:05 +0000
Started GET "/__OPAL_SOURCE_MAPS__/browser/dom/element.self.map" for ::1 at 2016-12-24 17:57:05 +0000
Started GET "/__OPAL_SOURCE_MAPS__/browser/dom/builder.self.map" for ::1 at 2016-12-24 17:57:05 +0000
Started GET "/__OPAL_SOURCE_MAPS__/browser/dom/mutation_observer.self.map" for ::1 at 2016-12-24 17:57:05 +0000
Started GET "/__OPAL_SOURCE_MAPS__/browser/css/declaration.self.map" for ::1 at 2016-12-24 17:57:05 +0000
Started GET "/__OPAL_SOURCE_MAPS__/browser/dom.self.map" for ::1 at 2016-12-24 17:57:05 +0000
Started GET "/__OPAL_SOURCE_MAPS__/browser/css/rule/style.self.map" for ::1 at 2016-12-24 17:57:05 +0000
Started GET "/__OPAL_SOURCE_MAPS__/browser/css/style_sheet.self.map" for ::1 at 2016-12-24 17:57:05 +0000
Started GET "/__OPAL_SOURCE_MAPS__/browser/css/rule.self.map" for ::1 at 2016-12-24 17:57:05 +0000
Started GET "/__OPAL_SOURCE_MAPS__/browser/css.self.map" for ::1 at 2016-12-24 17:57:05 +0000
Started GET "/__OPAL_SOURCE_MAPS__/browser.self.map" for ::1 at 2016-12-24 17:57:05 +0000
Started GET "/__OPAL_SOURCE_MAPS__/components/home/welcome.self.map" for ::1 at 2016-12-24 17:57:05 +0000
Started GET "/__OPAL_SOURCE_MAPS__/browser/interval.self.map" for ::1 at 2016-12-24 17:57:05 +0000
Started GET "/__OPAL_SOURCE_MAPS__/components.self.map" for ::1 at 2016-12-24 17:57:06 +0000
Started GET "/__OPAL_SOURCE_MAPS__/home.self.map" for ::1 at 2016-12-24 17:57:06 +0000
Started GET "/__OPAL_SOURCE_MAPS__/browser/delay.self.map" for ::1 at 2016-12-24 17:57:06 +0000
Started GET "/__OPAL_SOURCE_MAPS__/corelib/proc.self.map" for ::1 at 2016-12-24 17:57:06 +0000
Started GET "/" for ::1 at 2016-12-27 10:08:25 +0000
Processing by HomeController#welcome as HTML
  Rendering inline template within layouts/application
Started GET "/" for ::1 at 2016-12-27 10:08:26 +0000
Processing by HomeController#welcome as HTML
  Rendering inline template within layouts/application
  Rendered inline template within layouts/application (1886.0ms)
  Rendered inline template within layouts/application (1132.9ms)
Completed 200 OK in 2937ms (Views: 2936.2ms | ActiveRecord: 0.0ms)


Completed 200 OK in 3756ms (Views: 3745.9ms | ActiveRecord: 0.0ms)


Started GET "/assets/corelib/runtime.self.js?body=1" for ::1 at 2016-12-27 10:08:29 +0000
Started GET "/assets/corelib/basic_object.self.js?body=1" for ::1 at 2016-12-27 10:08:29 +0000
Started GET "/assets/corelib/helpers.self.js?body=1" for ::1 at 2016-12-27 10:08:29 +0000
Started GET "/assets/corelib/module.self.js?body=1" for ::1 at 2016-12-27 10:08:29 +0000
Started GET "/assets/home.self.css?body=1" for ::1 at 2016-12-27 10:08:29 +0000
Started GET "/assets/application.self.css?body=1" for ::1 at 2016-12-27 10:08:29 +0000
Started GET "/assets/corelib/kernel.self.js?body=1" for ::1 at 2016-12-27 10:08:29 +0000
Started GET "/assets/corelib/constants.self.js?body=1" for ::1 at 2016-12-27 10:08:29 +0000
Started GET "/assets/corelib/boolean.self.js?body=1" for ::1 at 2016-12-27 10:08:30 +0000
Started GET "/assets/corelib/error.self.js?body=1" for ::1 at 2016-12-27 10:08:30 +0000
Started GET "/assets/corelib/comparable.self.js?body=1" for ::1 at 2016-12-27 10:08:30 +0000
Started GET "/assets/opal/base.self.js?body=1" for ::1 at 2016-12-27 10:08:30 +0000
Started GET "/assets/corelib/nil.self.js?body=1" for ::1 at 2016-12-27 10:08:30 +0000
Started GET "/assets/corelib/regexp.self.js?body=1" for ::1 at 2016-12-27 10:08:30 +0000
Started GET "/assets/corelib/string.self.js?body=1" for ::1 at 2016-12-27 10:08:30 +0000
Started GET "/assets/corelib/enumerator.self.js?body=1" for ::1 at 2016-12-27 10:08:30 +0000
Started GET "/assets/corelib/enumerable.self.js?body=1" for ::1 at 2016-12-27 10:08:30 +0000
Started GET "/assets/corelib/class.self.js?body=1" for ::1 at 2016-12-27 10:08:30 +0000
Started GET "/assets/corelib/hash.self.js?body=1" for ::1 at 2016-12-27 10:08:30 +0000
Started GET "/assets/corelib/numeric.self.js?body=1" for ::1 at 2016-12-27 10:08:30 +0000
Started GET "/assets/corelib/array.self.js?body=1" for ::1 at 2016-12-27 10:08:30 +0000
Started GET "/assets/corelib/number.self.js?body=1" for ::1 at 2016-12-27 10:08:30 +0000
Started GET "/assets/corelib/method.self.js?body=1" for ::1 at 2016-12-27 10:08:30 +0000
Started GET "/assets/corelib/proc.self.js?body=1" for ::1 at 2016-12-27 10:08:30 +0000
Started GET "/assets/corelib/variables.self.js?body=1" for ::1 at 2016-12-27 10:08:30 +0000
Started GET "/assets/corelib/string/encoding.self.js?body=1" for ::1 at 2016-12-27 10:08:30 +0000
Started GET "/assets/opal/regexp_anchors.self.js?body=1" for ::1 at 2016-12-27 10:08:30 +0000
Started GET "/assets/opal/mini.self.js?body=1" for ::1 at 2016-12-27 10:08:30 +0000
Started GET "/assets/corelib/string/inheritance.self.js?body=1" for ::1 at 2016-12-27 10:08:30 +0000
Started GET "/assets/corelib/complex.self.js?body=1" for ::1 at 2016-12-27 10:08:30 +0000
Started GET "/assets/corelib/math.self.js?body=1" for ::1 at 2016-12-27 10:08:30 +0000
Started GET "/assets/corelib/time.self.js?body=1" for ::1 at 2016-12-27 10:08:30 +0000
Started GET "/assets/corelib/struct.self.js?body=1" for ::1 at 2016-12-27 10:08:30 +0000
Started GET "/assets/corelib/rational.self.js?body=1" for ::1 at 2016-12-27 10:08:30 +0000
Started GET "/assets/corelib/io.self.js?body=1" for ::1 at 2016-12-27 10:08:30 +0000
Started GET "/assets/corelib/file.self.js?body=1" for ::1 at 2016-12-27 10:08:30 +0000
Started GET "/assets/corelib/process.self.js?body=1" for ::1 at 2016-12-27 10:08:30 +0000
Started GET "/assets/corelib/dir.self.js?body=1" for ::1 at 2016-12-27 10:08:30 +0000
Started GET "/assets/corelib/main.self.js?body=1" for ::1 at 2016-12-27 10:08:30 +0000
Started GET "/assets/react.self.js?body=1" for ::1 at 2016-12-27 10:08:30 +0000
Started GET "/assets/opal.self.js?body=1" for ::1 at 2016-12-27 10:08:30 +0000
Started GET "/assets/react/hash.self.js?body=1" for ::1 at 2016-12-27 10:08:30 +0000
Started GET "/assets/corelib/unsupported.self.js?body=1" for ::1 at 2016-12-27 10:08:30 +0000
Started GET "/assets/react-server.self.js?body=1" for ::1 at 2016-12-27 10:08:30 +0000
Started GET "/assets/react/component/tags.self.js?body=1" for ::1 at 2016-12-27 10:08:30 +0000
Started GET "/assets/native.self.js?body=1" for ::1 at 2016-12-27 10:08:30 +0000
Started GET "/assets/react/react-source.self.js?body=1" for ::1 at 2016-12-27 10:08:30 +0000
Started GET "/assets/react/validator.self.js?body=1" for ::1 at 2016-12-27 10:08:30 +0000
Started GET "/assets/active_support/core_ext/object/try.self.js?body=1" for ::1 at 2016-12-27 10:08:30 +0000
Started GET "/assets/react/observable.self.js?body=1" for ::1 at 2016-12-27 10:08:30 +0000
Started GET "/assets/react/top_level.self.js?body=1" for ::1 at 2016-12-27 10:08:30 +0000
Started GET "/assets/react/ext/string.self.js?body=1" for ::1 at 2016-12-27 10:08:30 +0000
Started GET "/assets/react/component/base.self.js?body=1" for ::1 at 2016-12-27 10:08:30 +0000
Started GET "/assets/active_support/core_ext/kernel/singleton_class.self.js?body=1" for ::1 at 2016-12-27 10:08:30 +0000
Started GET "/assets/react/ext/hash.self.js?body=1" for ::1 at 2016-12-27 10:08:30 +0000
Started GET "/assets/active_support/core_ext/class/attribute.self.js?body=1" for ::1 at 2016-12-27 10:08:30 +0000
Started GET "/assets/react/callbacks.self.js?body=1" for ::1 at 2016-12-27 10:08:30 +0000
Started GET "/assets/active_support/core_ext/module/remove_method.self.js?body=1" for ::1 at 2016-12-27 10:08:30 +0000
Started GET "/assets/react/rendering_context.self.js?body=1" for ::1 at 2016-12-27 10:08:30 +0000
Started GET "/assets/react/component/class_methods.self.js?body=1" for ::1 at 2016-12-27 10:08:30 +0000
Started GET "/assets/active_support/core_ext/array/extract_options.self.js?body=1" for ::1 at 2016-12-27 10:08:30 +0000
Started GET "/assets/react/state.self.js?body=1" for ::1 at 2016-12-27 10:08:30 +0000
Started GET "/assets/react/component/api.self.js?body=1" for ::1 at 2016-12-27 10:08:30 +0000
Started GET "/assets/react/component.self.js?body=1" for ::1 at 2016-12-27 10:08:30 +0000
Started GET "/assets/react/component/props_wrapper.self.js?body=1" for ::1 at 2016-12-27 10:08:30 +0000
Started GET "/assets/react/children.self.js?body=1" for ::1 at 2016-12-27 10:08:30 +0000
Started GET "/assets/react/element.self.js?body=1" for ::1 at 2016-12-27 10:08:30 +0000
Started GET "/assets/react/component/should_component_update.self.js?body=1" for ::1 at 2016-12-27 10:08:30 +0000
Started GET "/assets/react/native_library.self.js?body=1" for ::1 at 2016-12-27 10:08:30 +0000
Started GET "/assets/react/api.self.js?body=1" for ::1 at 2016-12-27 10:08:30 +0000
Started GET "/assets/json.self.js?body=1" for ::1 at 2016-12-27 10:08:30 +0000
Started GET "/assets/reactive-ruby/isomorphic_helpers.self.js?body=1" for ::1 at 2016-12-27 10:08:30 +0000
Started GET "/assets/react/event.self.js?body=1" for ::1 at 2016-12-27 10:08:30 +0000
Started GET "/assets/react/ext/opal-jquery/element.self.js?body=1" for ::1 at 2016-12-27 10:08:30 +0000
Started GET "/assets/react/object.self.js?body=1" for ::1 at 2016-12-27 10:08:30 +0000
Started GET "/assets/reactive-ruby/version.self.js?body=1" for ::1 at 2016-12-27 10:08:31 +0000
Started GET "/assets/opal/jquery/constants.self.js?body=1" for ::1 at 2016-12-27 10:08:31 +0000
Started GET "/assets/hyper-react.self.js?body=1" for ::1 at 2016-12-27 10:08:31 +0000
Started GET "/assets/rails-helpers/top_level_rails_component.self.js?body=1" for ::1 at 2016-12-27 10:08:31 +0000
Started GET "/assets/react/component/dsl_instance_methods.self.js?body=1" for ::1 at 2016-12-27 10:08:31 +0000
Started GET "/assets/opal/jquery/event.self.js?body=1" for ::1 at 2016-12-27 10:08:31 +0000
Started GET "/assets/opal/jquery/window.self.js?body=1" for ::1 at 2016-12-27 10:08:31 +0000
Started GET "/assets/opal/jquery/http.self.js?body=1" for ::1 at 2016-12-27 10:08:31 +0000
Started GET "/assets/opal/jquery/element.self.js?body=1" for ::1 at 2016-12-27 10:08:31 +0000
Started GET "/assets/promise.self.js?body=1" for ::1 at 2016-12-27 10:08:31 +0000
Started GET "/assets/opal/jquery/document.self.js?body=1" for ::1 at 2016-12-27 10:08:31 +0000
Started GET "/assets/opal/jquery.self.js?body=1" for ::1 at 2016-12-27 10:08:31 +0000
Started GET "/assets/opal-jquery.self.js?body=1" for ::1 at 2016-12-27 10:08:31 +0000
Started GET "/assets/paggio/html/element/a.self.js?body=1" for ::1 at 2016-12-27 10:08:31 +0000
Started GET "/assets/paggio/utils.self.js?body=1" for ::1 at 2016-12-27 10:08:31 +0000
Started GET "/assets/paggio/html/element/blockquote.self.js?body=1" for ::1 at 2016-12-27 10:08:31 +0000
Started GET "/assets/paggio/html/helpers.self.js?body=1" for ::1 at 2016-12-27 10:08:31 +0000
Started GET "/assets/paggio/html/element/button.self.js?body=1" for ::1 at 2016-12-27 10:08:31 +0000
Started GET "/assets/opal/jquery/kernel.self.js?body=1" for ::1 at 2016-12-27 10:08:31 +0000
Started GET "/assets/paggio/html/element/input.self.js?body=1" for ::1 at 2016-12-27 10:08:31 +0000
Started GET "/assets/paggio/html/element/base.self.js?body=1" for ::1 at 2016-12-27 10:08:31 +0000
Started GET "/assets/paggio/html/element/img.self.js?body=1" for ::1 at 2016-12-27 10:08:31 +0000
Started GET "/assets/paggio/html/element/object.self.js?body=1" for ::1 at 2016-12-27 10:08:31 +0000
Started GET "/assets/paggio/html/element/canvas.self.js?body=1" for ::1 at 2016-12-27 10:08:31 +0000
Started GET "/assets/paggio/html/element/embed.self.js?body=1" for ::1 at 2016-12-27 10:08:31 +0000
Started GET "/assets/paggio/html/element/option.self.js?body=1" for ::1 at 2016-12-27 10:08:31 +0000
Started GET "/assets/paggio/html/element/optgroup.self.js?body=1" for ::1 at 2016-12-27 10:08:31 +0000
Started GET "/assets/paggio/html/element/link.self.js?body=1" for ::1 at 2016-12-27 10:08:31 +0000
Started GET "/assets/paggio/html/element/td.self.js?body=1" for ::1 at 2016-12-27 10:08:31 +0000
Started GET "/assets/paggio/css/color.self.js?body=1" for ::1 at 2016-12-27 10:08:31 +0000
Started GET "/assets/paggio/html/element/select.self.js?body=1" for ::1 at 2016-12-27 10:08:31 +0000
Started GET "/assets/paggio/css/unit.self.js?body=1" for ::1 at 2016-12-27 10:08:31 +0000
Started GET "/assets/paggio/html/element.self.js?body=1" for ::1 at 2016-12-27 10:08:31 +0000
Started GET "/assets/paggio/html.self.js?body=1" for ::1 at 2016-12-27 10:08:31 +0000
Started GET "/assets/paggio/css/font.self.js?body=1" for ::1 at 2016-12-27 10:08:31 +0000
Started GET "/assets/paggio/css/definition.self.js?body=1" for ::1 at 2016-12-27 10:08:31 +0000
Started GET "/assets/paggio/css/rule.self.js?body=1" for ::1 at 2016-12-27 10:08:31 +0000
Started GET "/assets/paggio/css/animation.self.js?body=1" for ::1 at 2016-12-27 10:08:31 +0000
Started GET "/assets/stringio.self.js?body=1" for ::1 at 2016-12-27 10:08:31 +0000
Started GET "/assets/paggio/formatter.self.js?body=1" for ::1 at 2016-12-27 10:08:31 +0000
Started GET "/assets/paggio/css.self.js?body=1" for ::1 at 2016-12-27 10:08:31 +0000
Started GET "/assets/browser/support.self.js?body=1" for ::1 at 2016-12-27 10:08:31 +0000
Started GET "/assets/paggio.self.js?body=1" for ::1 at 2016-12-27 10:08:31 +0000
Started GET "/assets/browser/event/ui.self.js?body=1" for ::1 at 2016-12-27 10:08:31 +0000
Started GET "/assets/browser/utils.self.js?body=1" for ::1 at 2016-12-27 10:08:31 +0000
Started GET "/assets/browser/event/mouse.self.js?body=1" for ::1 at 2016-12-27 10:08:31 +0000
Started GET "/assets/browser/version.self.js?body=1" for ::1 at 2016-12-27 10:08:31 +0000
Started GET "/assets/browser/event/base.self.js?body=1" for ::1 at 2016-12-27 10:08:31 +0000
Started GET "/assets/browser/event/keyboard.self.js?body=1" for ::1 at 2016-12-27 10:08:31 +0000
Started GET "/assets/browser/event/focus.self.js?body=1" for ::1 at 2016-12-27 10:08:31 +0000
Started GET "/assets/browser/event/animation.self.js?body=1" for ::1 at 2016-12-27 10:08:31 +0000
Started GET "/assets/browser/event/wheel.self.js?body=1" for ::1 at 2016-12-27 10:08:31 +0000
Started GET "/assets/browser/event/composition.self.js?body=1" for ::1 at 2016-12-27 10:08:31 +0000
Started GET "/assets/browser/event/audio_processing.self.js?body=1" for ::1 at 2016-12-27 10:08:31 +0000
Started GET "/assets/browser/event/device_light.self.js?body=1" for ::1 at 2016-12-27 10:08:31 +0000
Started GET "/assets/browser/event/device_orientation.self.js?body=1" for ::1 at 2016-12-27 10:08:31 +0000
Started GET "/assets/browser/event/device_motion.self.js?body=1" for ::1 at 2016-12-27 10:08:31 +0000
Started GET "/assets/browser/event/drag.self.js?body=1" for ::1 at 2016-12-27 10:08:31 +0000
Started GET "/assets/browser/event/before_unload.self.js?body=1" for ::1 at 2016-12-27 10:08:31 +0000
Started GET "/assets/browser/event/clipboard.self.js?body=1" for ::1 at 2016-12-27 10:08:31 +0000
Started GET "/assets/browser/event/gamepad.self.js?body=1" for ::1 at 2016-12-27 10:08:31 +0000
Started GET "/assets/browser/event/device_proximity.self.js?body=1" for ::1 at 2016-12-27 10:08:31 +0000
Started GET "/assets/browser/event/hash_change.self.js?body=1" for ::1 at 2016-12-27 10:08:31 +0000
Started GET "/assets/browser/event/progress.self.js?body=1" for ::1 at 2016-12-27 10:08:31 +0000
Started GET "/assets/browser/event/page_transition.self.js?body=1" for ::1 at 2016-12-27 10:08:31 +0000
Started GET "/assets/browser/event/storage.self.js?body=1" for ::1 at 2016-12-27 10:08:31 +0000
Started GET "/assets/browser/event/touch.self.js?body=1" for ::1 at 2016-12-27 10:08:31 +0000
Started GET "/assets/browser/event/custom.self.js?body=1" for ::1 at 2016-12-27 10:08:31 +0000
Started GET "/assets/ostruct.self.js?body=1" for ::1 at 2016-12-27 10:08:31 +0000
Started GET "/assets/browser/event/sensor.self.js?body=1" for ::1 at 2016-12-27 10:08:31 +0000
Started GET "/assets/buffer/array.self.js?body=1" for ::1 at 2016-12-27 10:08:31 +0000
Started GET "/assets/buffer/view.self.js?body=1" for ::1 at 2016-12-27 10:08:31 +0000
Started GET "/assets/browser/event/close.self.js?body=1" for ::1 at 2016-12-27 10:08:31 +0000
Started GET "/assets/browser/event/pop_state.self.js?body=1" for ::1 at 2016-12-27 10:08:31 +0000
Started GET "/assets/buffer.self.js?body=1" for ::1 at 2016-12-27 10:08:31 +0000
Started GET "/assets/browser/window/view.self.js?body=1" for ::1 at 2016-12-27 10:08:31 +0000
Started GET "/assets/browser/event/message.self.js?body=1" for ::1 at 2016-12-27 10:08:31 +0000
Started GET "/assets/browser/event.self.js?body=1" for ::1 at 2016-12-27 10:08:31 +0000
Started GET "/assets/browser/window.self.js?body=1" for ::1 at 2016-12-27 10:08:31 +0000
Started GET "/assets/browser/window/scroll.self.js?body=1" for ::1 at 2016-12-27 10:08:31 +0000
Started GET "/assets/browser/dom/node_set.self.js?body=1" for ::1 at 2016-12-27 10:08:31 +0000
Started GET "/assets/browser/window/size.self.js?body=1" for ::1 at 2016-12-27 10:08:31 +0000
Started GET "/assets/browser/dom/node.self.js?body=1" for ::1 at 2016-12-27 10:08:31 +0000
Started GET "/assets/browser/dom/character_data.self.js?body=1" for ::1 at 2016-12-27 10:08:31 +0000
Started GET "/assets/browser/dom/attribute.self.js?body=1" for ::1 at 2016-12-27 10:08:31 +0000
Started GET "/assets/browser/dom/comment.self.js?body=1" for ::1 at 2016-12-27 10:08:31 +0000
Started GET "/assets/browser/dom/cdata.self.js?body=1" for ::1 at 2016-12-27 10:08:31 +0000
Started GET "/assets/browser/dom/element/attributes.self.js?body=1" for ::1 at 2016-12-27 10:08:31 +0000
Started GET "/assets/browser/dom/element/data.self.js?body=1" for ::1 at 2016-12-27 10:08:31 +0000
Started GET "/assets/browser/dom/element/scroll.self.js?body=1" for ::1 at 2016-12-27 10:08:31 +0000
Started GET "/assets/browser/dom/element/size.self.js?body=1" for ::1 at 2016-12-27 10:08:31 +0000
Started GET "/assets/browser/dom/element/offset.self.js?body=1" for ::1 at 2016-12-27 10:08:31 +0000
Started GET "/assets/browser/dom/element/position.self.js?body=1" for ::1 at 2016-12-27 10:08:31 +0000
Started GET "/assets/browser/dom/element/select.self.js?body=1" for ::1 at 2016-12-27 10:08:31 +0000
Started GET "/assets/browser/dom/element/image.self.js?body=1" for ::1 at 2016-12-27 10:08:31 +0000
Started GET "/assets/browser/dom/element/input.self.js?body=1" for ::1 at 2016-12-27 10:08:31 +0000
Started GET "/assets/browser/dom/element/textarea.self.js?body=1" for ::1 at 2016-12-27 10:08:31 +0000
Started GET "/assets/browser/dom/element/template.self.js?body=1" for ::1 at 2016-12-27 10:08:31 +0000
Started GET "/assets/browser/dom/element.self.js?body=1" for ::1 at 2016-12-27 10:08:31 +0000
Started GET "/assets/browser/dom/document.self.js?body=1" for ::1 at 2016-12-27 10:08:31 +0000
Started GET "/assets/browser/dom/document_fragment.self.js?body=1" for ::1 at 2016-12-27 10:08:31 +0000
Started GET "/assets/browser/dom/builder.self.js?body=1" for ::1 at 2016-12-27 10:08:31 +0000
Started GET "/assets/browser/dom/mutation_observer.self.js?body=1" for ::1 at 2016-12-27 10:08:31 +0000
Started GET "/assets/browser/dom.self.js?body=1" for ::1 at 2016-12-27 10:08:31 +0000
Started GET "/assets/browser/css/declaration.self.js?body=1" for ::1 at 2016-12-27 10:08:31 +0000
Started GET "/assets/browser/css.self.js?body=1" for ::1 at 2016-12-27 10:08:31 +0000
Started GET "/assets/browser/css/rule/style.self.js?body=1" for ::1 at 2016-12-27 10:08:31 +0000
Started GET "/assets/browser/css/style_sheet.self.js?body=1" for ::1 at 2016-12-27 10:08:31 +0000
Started GET "/assets/browser/css/rule.self.js?body=1" for ::1 at 2016-12-27 10:08:31 +0000
Started GET "/assets/components/home/welcome.self.js?body=1" for ::1 at 2016-12-27 10:08:31 +0000
Started GET "/assets/browser/dom/text.self.js?body=1" for ::1 at 2016-12-27 10:08:31 +0000
Started GET "/assets/browser/interval.self.js?body=1" for ::1 at 2016-12-27 10:08:31 +0000
Started GET "/assets/react_ujs_turbolinks.self.js?body=1" for ::1 at 2016-12-27 10:08:31 +0000
Started GET "/assets/components.self.js?body=1" for ::1 at 2016-12-27 10:08:31 +0000
Started GET "/assets/browser.self.js?body=1" for ::1 at 2016-12-27 10:08:31 +0000
Started GET "/assets/react_ujs_mount.self.js?body=1" for ::1 at 2016-12-27 10:08:31 +0000
Started GET "/assets/browser/delay.self.js?body=1" for ::1 at 2016-12-27 10:08:31 +0000
Started GET "/assets/react_ujs_turbolinks_classic_deprecated.self.js?body=1" for ::1 at 2016-12-27 10:08:31 +0000
Started GET "/assets/react_ujs_pjax.self.js?body=1" for ::1 at 2016-12-27 10:08:31 +0000
Started GET "/assets/react_ujs_native.self.js?body=1" for ::1 at 2016-12-27 10:08:31 +0000
Started GET "/assets/react_ujs_event_setup.self.js?body=1" for ::1 at 2016-12-27 10:08:31 +0000
Started GET "/assets/react_ujs_turbolinks_classic.self.js?body=1" for ::1 at 2016-12-27 10:08:31 +0000
Started GET "/assets/jquery.self.js?body=1" for ::1 at 2016-12-27 10:08:31 +0000
Started GET "/assets/react_ujs.self.js?body=1" for ::1 at 2016-12-27 10:08:31 +0000
Started GET "/assets/action_cable.self.js?body=1" for ::1 at 2016-12-27 10:08:31 +0000
Started GET "/assets/turbolinks.self.js?body=1" for ::1 at 2016-12-27 10:08:31 +0000
Started GET "/assets/cable.self.js?body=1" for ::1 at 2016-12-27 10:08:32 +0000
Started GET "/assets/home.self.js?body=1" for ::1 at 2016-12-27 10:08:32 +0000
Started GET "/assets/jquery_ujs.self.js?body=1" for ::1 at 2016-12-27 10:08:32 +0000
Started GET "/__OPAL_SOURCE_MAPS__/corelib/helpers.self.map" for ::1 at 2016-12-27 10:08:32 +0000
Started GET "/assets/application.self.js?body=1" for ::1 at 2016-12-27 10:08:32 +0000
Started GET "/__OPAL_SOURCE_MAPS__/corelib/module.self.map" for ::1 at 2016-12-27 10:08:32 +0000
Started GET "/__OPAL_SOURCE_MAPS__/corelib/class.self.map" for ::1 at 2016-12-27 10:08:32 +0000
Started GET "/__OPAL_SOURCE_MAPS__/corelib/basic_object.self.map" for ::1 at 2016-12-27 10:08:32 +0000
Started GET "/__OPAL_SOURCE_MAPS__/corelib/kernel.self.map" for ::1 at 2016-12-27 10:08:32 +0000
Started GET "/__OPAL_SOURCE_MAPS__/corelib/constants.self.map" for ::1 at 2016-12-27 10:08:32 +0000
Started GET "/__OPAL_SOURCE_MAPS__/opal/base.self.map" for ::1 at 2016-12-27 10:08:32 +0000
Started GET "/__OPAL_SOURCE_MAPS__/corelib/nil.self.map" for ::1 at 2016-12-27 10:08:32 +0000
Started GET "/__OPAL_SOURCE_MAPS__/corelib/boolean.self.map" for ::1 at 2016-12-27 10:08:32 +0000
Started GET "/__OPAL_SOURCE_MAPS__/corelib/error.self.map" for ::1 at 2016-12-27 10:08:32 +0000
Started GET "/__OPAL_SOURCE_MAPS__/corelib/comparable.self.map" for ::1 at 2016-12-27 10:08:32 +0000
Started GET "/__OPAL_SOURCE_MAPS__/corelib/regexp.self.map" for ::1 at 2016-12-27 10:08:32 +0000
Started GET "/__OPAL_SOURCE_MAPS__/corelib/enumerable.self.map" for ::1 at 2016-12-27 10:08:32 +0000
Started GET "/__OPAL_SOURCE_MAPS__/corelib/enumerator.self.map" for ::1 at 2016-12-27 10:08:32 +0000
Started GET "/__OPAL_SOURCE_MAPS__/corelib/string.self.map" for ::1 at 2016-12-27 10:08:32 +0000
Started GET "/__OPAL_SOURCE_MAPS__/corelib/numeric.self.map" for ::1 at 2016-12-27 10:08:32 +0000
Started GET "/__OPAL_SOURCE_MAPS__/corelib/array.self.map" for ::1 at 2016-12-27 10:08:32 +0000
Started GET "/__OPAL_SOURCE_MAPS__/corelib/hash.self.map" for ::1 at 2016-12-27 10:08:32 +0000
Started GET "/__OPAL_SOURCE_MAPS__/corelib/number.self.map" for ::1 at 2016-12-27 10:08:32 +0000
Started GET "/assets/corelib/range.self.js?body=1" for ::1 at 2016-12-27 10:08:32 +0000
Started GET "/__OPAL_SOURCE_MAPS__/corelib/range.self.map" for ::1 at 2016-12-27 10:08:32 +0000
Started GET "/__OPAL_SOURCE_MAPS__/corelib/string/inheritance.self.map" for ::1 at 2016-12-27 10:08:32 +0000
Started GET "/__OPAL_SOURCE_MAPS__/corelib/variables.self.map" for ::1 at 2016-12-27 10:08:32 +0000
Started GET "/__OPAL_SOURCE_MAPS__/opal/regexp_anchors.self.map" for ::1 at 2016-12-27 10:08:32 +0000
Started GET "/__OPAL_SOURCE_MAPS__/corelib/method.self.map" for ::1 at 2016-12-27 10:08:32 +0000
Started GET "/__OPAL_SOURCE_MAPS__/corelib/math.self.map" for ::1 at 2016-12-27 10:08:33 +0000
Started GET "/__OPAL_SOURCE_MAPS__/corelib/complex.self.map" for ::1 at 2016-12-27 10:08:33 +0000
Started GET "/__OPAL_SOURCE_MAPS__/corelib/string/encoding.self.map" for ::1 at 2016-12-27 10:08:33 +0000
Started GET "/__OPAL_SOURCE_MAPS__/corelib/rational.self.map" for ::1 at 2016-12-27 10:08:33 +0000
Started GET "/__OPAL_SOURCE_MAPS__/opal/mini.self.map" for ::1 at 2016-12-27 10:08:33 +0000
Started GET "/__OPAL_SOURCE_MAPS__/corelib/time.self.map" for ::1 at 2016-12-27 10:08:33 +0000
Started GET "/__OPAL_SOURCE_MAPS__/corelib/struct.self.map" for ::1 at 2016-12-27 10:08:33 +0000
Started GET "/__OPAL_SOURCE_MAPS__/corelib/io.self.map" for ::1 at 2016-12-27 10:08:33 +0000
Started GET "/__OPAL_SOURCE_MAPS__/corelib/main.self.map" for ::1 at 2016-12-27 10:08:33 +0000
Started GET "/__OPAL_SOURCE_MAPS__/corelib/dir.self.map" for ::1 at 2016-12-27 10:08:33 +0000
Started GET "/__OPAL_SOURCE_MAPS__/corelib/file.self.map" for ::1 at 2016-12-27 10:08:33 +0000
Started GET "/__OPAL_SOURCE_MAPS__/corelib/process.self.map" for ::1 at 2016-12-27 10:08:33 +0000
Started GET "/__OPAL_SOURCE_MAPS__/corelib/unsupported.self.map" for ::1 at 2016-12-27 10:08:33 +0000
Started GET "/__OPAL_SOURCE_MAPS__/react/react-source.self.map" for ::1 at 2016-12-27 10:08:33 +0000
Started GET "/__OPAL_SOURCE_MAPS__/opal.self.map" for ::1 at 2016-12-27 10:08:33 +0000
Started GET "/__OPAL_SOURCE_MAPS__/native.self.map" for ::1 at 2016-12-27 10:08:33 +0000
Started GET "/__OPAL_SOURCE_MAPS__/react/hash.self.map" for ::1 at 2016-12-27 10:08:33 +0000
Started GET "/__OPAL_SOURCE_MAPS__/active_support/core_ext/object/try.self.map" for ::1 at 2016-12-27 10:08:33 +0000
Started GET "/__OPAL_SOURCE_MAPS__/react/component/tags.self.map" for ::1 at 2016-12-27 10:08:33 +0000
Started GET "/__OPAL_SOURCE_MAPS__/react/component/base.self.map" for ::1 at 2016-12-27 10:08:33 +0000
Started GET "/__OPAL_SOURCE_MAPS__/react/top_level.self.map" for ::1 at 2016-12-27 10:08:33 +0000
Started GET "/__OPAL_SOURCE_MAPS__/react/observable.self.map" for ::1 at 2016-12-27 10:08:33 +0000
Started GET "/__OPAL_SOURCE_MAPS__/react/validator.self.map" for ::1 at 2016-12-27 10:08:33 +0000
Started GET "/__OPAL_SOURCE_MAPS__/react/ext/string.self.map" for ::1 at 2016-12-27 10:08:33 +0000
Started GET "/__OPAL_SOURCE_MAPS__/active_support/core_ext/module/remove_method.self.map" for ::1 at 2016-12-27 10:08:33 +0000
Started GET "/__OPAL_SOURCE_MAPS__/react/ext/hash.self.map" for ::1 at 2016-12-27 10:08:33 +0000
Started GET "/__OPAL_SOURCE_MAPS__/active_support/core_ext/array/extract_options.self.map" for ::1 at 2016-12-27 10:08:33 +0000
Started GET "/__OPAL_SOURCE_MAPS__/active_support/core_ext/class/attribute.self.map" for ::1 at 2016-12-27 10:08:33 +0000
Started GET "/__OPAL_SOURCE_MAPS__/react/callbacks.self.map" for ::1 at 2016-12-27 10:08:33 +0000
Started GET "/__OPAL_SOURCE_MAPS__/active_support/core_ext/kernel/singleton_class.self.map" for ::1 at 2016-12-27 10:08:33 +0000
Started GET "/__OPAL_SOURCE_MAPS__/react/rendering_context.self.map" for ::1 at 2016-12-27 10:08:33 +0000
Started GET "/__OPAL_SOURCE_MAPS__/react/state.self.map" for ::1 at 2016-12-27 10:08:33 +0000
Started GET "/__OPAL_SOURCE_MAPS__/react/component/class_methods.self.map" for ::1 at 2016-12-27 10:08:33 +0000
Started GET "/__OPAL_SOURCE_MAPS__/react/component/props_wrapper.self.map" for ::1 at 2016-12-27 10:08:33 +0000
Started GET "/__OPAL_SOURCE_MAPS__/react/component/api.self.map" for ::1 at 2016-12-27 10:08:33 +0000
Started GET "/__OPAL_SOURCE_MAPS__/react/component.self.map" for ::1 at 2016-12-27 10:08:33 +0000
Started GET "/__OPAL_SOURCE_MAPS__/react/children.self.map" for ::1 at 2016-12-27 10:08:33 +0000
Started GET "/__OPAL_SOURCE_MAPS__/react/component/dsl_instance_methods.self.map" for ::1 at 2016-12-27 10:08:33 +0000
Started GET "/__OPAL_SOURCE_MAPS__/react/component/should_component_update.self.map" for ::1 at 2016-12-27 10:08:33 +0000
Started GET "/__OPAL_SOURCE_MAPS__/react/element.self.map" for ::1 at 2016-12-27 10:08:33 +0000
Started GET "/__OPAL_SOURCE_MAPS__/react/event.self.map" for ::1 at 2016-12-27 10:08:33 +0000
Started GET "/__OPAL_SOURCE_MAPS__/react/native_library.self.map" for ::1 at 2016-12-27 10:08:33 +0000
Started GET "/__OPAL_SOURCE_MAPS__/react/api.self.map" for ::1 at 2016-12-27 10:08:33 +0000
Started GET "/__OPAL_SOURCE_MAPS__/react/object.self.map" for ::1 at 2016-12-27 10:08:33 +0000
Started GET "/__OPAL_SOURCE_MAPS__/react/ext/opal-jquery/element.self.map" for ::1 at 2016-12-27 10:08:33 +0000
Started GET "/__OPAL_SOURCE_MAPS__/json.self.map" for ::1 at 2016-12-27 10:08:33 +0000
Started GET "/__OPAL_SOURCE_MAPS__/reactive-ruby/isomorphic_helpers.self.map" for ::1 at 2016-12-27 10:08:33 +0000
Started GET "/__OPAL_SOURCE_MAPS__/rails-helpers/top_level_rails_component.self.map" for ::1 at 2016-12-27 10:08:33 +0000
Started GET "/__OPAL_SOURCE_MAPS__/hyper-react.self.map" for ::1 at 2016-12-27 10:08:33 +0000
Started GET "/__OPAL_SOURCE_MAPS__/opal/jquery/constants.self.map" for ::1 at 2016-12-27 10:08:33 +0000
Started GET "/__OPAL_SOURCE_MAPS__/opal/jquery/element.self.map" for ::1 at 2016-12-27 10:08:33 +0000
Started GET "/__OPAL_SOURCE_MAPS__/reactive-ruby/version.self.map" for ::1 at 2016-12-27 10:08:33 +0000
Started GET "/__OPAL_SOURCE_MAPS__/opal/jquery/window.self.map" for ::1 at 2016-12-27 10:08:33 +0000
Started GET "/__OPAL_SOURCE_MAPS__/opal/jquery/document.self.map" for ::1 at 2016-12-27 10:08:33 +0000
Started GET "/__OPAL_SOURCE_MAPS__/promise.self.map" for ::1 at 2016-12-27 10:08:33 +0000
Started GET "/__OPAL_SOURCE_MAPS__/opal/jquery/event.self.map" for ::1 at 2016-12-27 10:08:33 +0000
Started GET "/__OPAL_SOURCE_MAPS__/opal/jquery/http.self.map" for ::1 at 2016-12-27 10:08:33 +0000
Started GET "/__OPAL_SOURCE_MAPS__/opal/jquery/kernel.self.map" for ::1 at 2016-12-27 10:08:33 +0000
Started GET "/__OPAL_SOURCE_MAPS__/opal/jquery.self.map" for ::1 at 2016-12-27 10:08:33 +0000
Started GET "/__OPAL_SOURCE_MAPS__/paggio/utils.self.map" for ::1 at 2016-12-27 10:08:33 +0000
Started GET "/__OPAL_SOURCE_MAPS__/paggio/html/helpers.self.map" for ::1 at 2016-12-27 10:08:33 +0000
Started GET "/__OPAL_SOURCE_MAPS__/opal-jquery.self.map" for ::1 at 2016-12-27 10:08:33 +0000
Started GET "/__OPAL_SOURCE_MAPS__/paggio/html/element/a.self.map" for ::1 at 2016-12-27 10:08:33 +0000
Started GET "/__OPAL_SOURCE_MAPS__/paggio/html/element/base.self.map" for ::1 at 2016-12-27 10:08:33 +0000
Started GET "/__OPAL_SOURCE_MAPS__/paggio/html/element/blockquote.self.map" for ::1 at 2016-12-27 10:08:33 +0000
Started GET "/__OPAL_SOURCE_MAPS__/paggio/html/element/button.self.map" for ::1 at 2016-12-27 10:08:33 +0000
Started GET "/__OPAL_SOURCE_MAPS__/paggio/html/element/canvas.self.map" for ::1 at 2016-12-27 10:08:33 +0000
Started GET "/__OPAL_SOURCE_MAPS__/paggio/html/element/embed.self.map" for ::1 at 2016-12-27 10:08:33 +0000
Started GET "/__OPAL_SOURCE_MAPS__/paggio/html/element/img.self.map" for ::1 at 2016-12-27 10:08:33 +0000
Started GET "/__OPAL_SOURCE_MAPS__/paggio/html/element/input.self.map" for ::1 at 2016-12-27 10:08:33 +0000
Started GET "/__OPAL_SOURCE_MAPS__/paggio/html/element/link.self.map" for ::1 at 2016-12-27 10:08:33 +0000
Started GET "/__OPAL_SOURCE_MAPS__/paggio/html/element/object.self.map" for ::1 at 2016-12-27 10:08:33 +0000
Started GET "/__OPAL_SOURCE_MAPS__/paggio/html/element/option.self.map" for ::1 at 2016-12-27 10:08:33 +0000
Started GET "/__OPAL_SOURCE_MAPS__/paggio/html/element/optgroup.self.map" for ::1 at 2016-12-27 10:08:33 +0000
Started GET "/__OPAL_SOURCE_MAPS__/paggio/html/element/select.self.map" for ::1 at 2016-12-27 10:08:33 +0000
Started GET "/__OPAL_SOURCE_MAPS__/paggio/css/color.self.map" for ::1 at 2016-12-27 10:08:34 +0000
Started GET "/__OPAL_SOURCE_MAPS__/paggio/html/element/td.self.map" for ::1 at 2016-12-27 10:08:34 +0000
Started GET "/__OPAL_SOURCE_MAPS__/paggio/css/unit.self.map" for ::1 at 2016-12-27 10:08:34 +0000
Started GET "/__OPAL_SOURCE_MAPS__/paggio/html/element.self.map" for ::1 at 2016-12-27 10:08:34 +0000
Started GET "/__OPAL_SOURCE_MAPS__/paggio/html.self.map" for ::1 at 2016-12-27 10:08:34 +0000
Started GET "/__OPAL_SOURCE_MAPS__/paggio/css/font.self.map" for ::1 at 2016-12-27 10:08:34 +0000
Started GET "/__OPAL_SOURCE_MAPS__/paggio/css/rule.self.map" for ::1 at 2016-12-27 10:08:34 +0000
Started GET "/__OPAL_SOURCE_MAPS__/paggio/css/definition.self.map" for ::1 at 2016-12-27 10:08:34 +0000
Started GET "/__OPAL_SOURCE_MAPS__/paggio/css/animation.self.map" for ::1 at 2016-12-27 10:08:34 +0000
Started GET "/__OPAL_SOURCE_MAPS__/paggio/formatter.self.map" for ::1 at 2016-12-27 10:08:34 +0000
Started GET "/__OPAL_SOURCE_MAPS__/stringio.self.map" for ::1 at 2016-12-27 10:08:34 +0000
Started GET "/__OPAL_SOURCE_MAPS__/paggio/css.self.map" for ::1 at 2016-12-27 10:08:34 +0000
Started GET "/__OPAL_SOURCE_MAPS__/browser/version.self.map" for ::1 at 2016-12-27 10:08:34 +0000
Started GET "/__OPAL_SOURCE_MAPS__/paggio.self.map" for ::1 at 2016-12-27 10:08:34 +0000
Started GET "/__OPAL_SOURCE_MAPS__/browser/utils.self.map" for ::1 at 2016-12-27 10:08:34 +0000
Started GET "/__OPAL_SOURCE_MAPS__/browser/support.self.map" for ::1 at 2016-12-27 10:08:34 +0000
Started GET "/__OPAL_SOURCE_MAPS__/browser/event/base.self.map" for ::1 at 2016-12-27 10:08:34 +0000
Started GET "/__OPAL_SOURCE_MAPS__/browser/event/ui.self.map" for ::1 at 2016-12-27 10:08:34 +0000
Started GET "/__OPAL_SOURCE_MAPS__/browser/event/mouse.self.map" for ::1 at 2016-12-27 10:08:34 +0000
Started GET "/__OPAL_SOURCE_MAPS__/browser/event/keyboard.self.map" for ::1 at 2016-12-27 10:08:34 +0000
Started GET "/__OPAL_SOURCE_MAPS__/browser/event/focus.self.map" for ::1 at 2016-12-27 10:08:34 +0000
Started GET "/__OPAL_SOURCE_MAPS__/browser/event/wheel.self.map" for ::1 at 2016-12-27 10:08:34 +0000
Started GET "/__OPAL_SOURCE_MAPS__/browser/event/audio_processing.self.map" for ::1 at 2016-12-27 10:08:34 +0000
Started GET "/__OPAL_SOURCE_MAPS__/browser/event/before_unload.self.map" for ::1 at 2016-12-27 10:08:34 +0000
Started GET "/__OPAL_SOURCE_MAPS__/browser/event/composition.self.map" for ::1 at 2016-12-27 10:08:34 +0000
Started GET "/__OPAL_SOURCE_MAPS__/browser/event/animation.self.map" for ::1 at 2016-12-27 10:08:34 +0000
Started GET "/__OPAL_SOURCE_MAPS__/browser/event/clipboard.self.map" for ::1 at 2016-12-27 10:08:34 +0000
Started GET "/__OPAL_SOURCE_MAPS__/browser/event/device_light.self.map" for ::1 at 2016-12-27 10:08:34 +0000
Started GET "/__OPAL_SOURCE_MAPS__/browser/event/device_motion.self.map" for ::1 at 2016-12-27 10:08:34 +0000
Started GET "/__OPAL_SOURCE_MAPS__/browser/event/device_orientation.self.map" for ::1 at 2016-12-27 10:08:34 +0000
Started GET "/__OPAL_SOURCE_MAPS__/browser/event/device_proximity.self.map" for ::1 at 2016-12-27 10:08:34 +0000
Started GET "/__OPAL_SOURCE_MAPS__/browser/event/drag.self.map" for ::1 at 2016-12-27 10:08:34 +0000
Started GET "/__OPAL_SOURCE_MAPS__/browser/event/hash_change.self.map" for ::1 at 2016-12-27 10:08:34 +0000
Started GET "/__OPAL_SOURCE_MAPS__/browser/event/gamepad.self.map" for ::1 at 2016-12-27 10:08:34 +0000
Started GET "/__OPAL_SOURCE_MAPS__/browser/event/progress.self.map" for ::1 at 2016-12-27 10:08:34 +0000
Started GET "/__OPAL_SOURCE_MAPS__/browser/event/page_transition.self.map" for ::1 at 2016-12-27 10:08:34 +0000
Started GET "/__OPAL_SOURCE_MAPS__/browser/event/pop_state.self.map" for ::1 at 2016-12-27 10:08:34 +0000
Started GET "/__OPAL_SOURCE_MAPS__/browser/event/storage.self.map" for ::1 at 2016-12-27 10:08:34 +0000
Started GET "/__OPAL_SOURCE_MAPS__/browser/event/touch.self.map" for ::1 at 2016-12-27 10:08:34 +0000
Started GET "/__OPAL_SOURCE_MAPS__/ostruct.self.map" for ::1 at 2016-12-27 10:08:34 +0000
Started GET "/__OPAL_SOURCE_MAPS__/browser/event/sensor.self.map" for ::1 at 2016-12-27 10:08:34 +0000
Started GET "/__OPAL_SOURCE_MAPS__/buffer/array.self.map" for ::1 at 2016-12-27 10:08:34 +0000
Started GET "/__OPAL_SOURCE_MAPS__/browser/event/custom.self.map" for ::1 at 2016-12-27 10:08:34 +0000
Started GET "/__OPAL_SOURCE_MAPS__/buffer/view.self.map" for ::1 at 2016-12-27 10:08:34 +0000
Started GET "/__OPAL_SOURCE_MAPS__/buffer.self.map" for ::1 at 2016-12-27 10:08:34 +0000
Started GET "/__OPAL_SOURCE_MAPS__/browser/event/message.self.map" for ::1 at 2016-12-27 10:08:34 +0000
Started GET "/__OPAL_SOURCE_MAPS__/browser/event/close.self.map" for ::1 at 2016-12-27 10:08:34 +0000
Started GET "/__OPAL_SOURCE_MAPS__/browser/event.self.map" for ::1 at 2016-12-27 10:08:34 +0000
Started GET "/__OPAL_SOURCE_MAPS__/browser/window/view.self.map" for ::1 at 2016-12-27 10:08:34 +0000
Started GET "/__OPAL_SOURCE_MAPS__/browser/window/size.self.map" for ::1 at 2016-12-27 10:08:34 +0000
Started GET "/__OPAL_SOURCE_MAPS__/browser/window/scroll.self.map" for ::1 at 2016-12-27 10:08:34 +0000
Started GET "/__OPAL_SOURCE_MAPS__/browser/window.self.map" for ::1 at 2016-12-27 10:08:34 +0000
Started GET "/__OPAL_SOURCE_MAPS__/browser/dom/node_set.self.map" for ::1 at 2016-12-27 10:08:34 +0000
Started GET "/__OPAL_SOURCE_MAPS__/browser/dom/node.self.map" for ::1 at 2016-12-27 10:08:34 +0000
Started GET "/__OPAL_SOURCE_MAPS__/browser/dom/attribute.self.map" for ::1 at 2016-12-27 10:08:34 +0000
Started GET "/__OPAL_SOURCE_MAPS__/browser/dom/text.self.map" for ::1 at 2016-12-27 10:08:34 +0000
Started GET "/__OPAL_SOURCE_MAPS__/browser/dom/character_data.self.map" for ::1 at 2016-12-27 10:08:34 +0000
Started GET "/__OPAL_SOURCE_MAPS__/browser/dom/comment.self.map" for ::1 at 2016-12-27 10:08:34 +0000
Started GET "/__OPAL_SOURCE_MAPS__/browser/dom/cdata.self.map" for ::1 at 2016-12-27 10:08:34 +0000
Started GET "/__OPAL_SOURCE_MAPS__/browser/dom/element/attributes.self.map" for ::1 at 2016-12-27 10:08:34 +0000
Started GET "/__OPAL_SOURCE_MAPS__/browser/dom/element/data.self.map" for ::1 at 2016-12-27 10:08:34 +0000
Started GET "/__OPAL_SOURCE_MAPS__/browser/dom/element/offset.self.map" for ::1 at 2016-12-27 10:08:34 +0000
Started GET "/__OPAL_SOURCE_MAPS__/browser/dom/element/scroll.self.map" for ::1 at 2016-12-27 10:08:34 +0000
Started GET "/__OPAL_SOURCE_MAPS__/browser/dom/element/size.self.map" for ::1 at 2016-12-27 10:08:34 +0000
Started GET "/__OPAL_SOURCE_MAPS__/browser/dom/element/position.self.map" for ::1 at 2016-12-27 10:08:34 +0000
Started GET "/__OPAL_SOURCE_MAPS__/browser/dom/element/select.self.map" for ::1 at 2016-12-27 10:08:34 +0000
Started GET "/__OPAL_SOURCE_MAPS__/browser/dom/element/image.self.map" for ::1 at 2016-12-27 10:08:34 +0000
Started GET "/__OPAL_SOURCE_MAPS__/browser/dom/element/template.self.map" for ::1 at 2016-12-27 10:08:34 +0000
Started GET "/__OPAL_SOURCE_MAPS__/browser/dom/element/input.self.map" for ::1 at 2016-12-27 10:08:34 +0000
Started GET "/__OPAL_SOURCE_MAPS__/browser/dom/document.self.map" for ::1 at 2016-12-27 10:08:34 +0000
Started GET "/__OPAL_SOURCE_MAPS__/browser/dom/element/textarea.self.map" for ::1 at 2016-12-27 10:08:34 +0000
Started GET "/__OPAL_SOURCE_MAPS__/browser/dom/element.self.map" for ::1 at 2016-12-27 10:08:34 +0000
Started GET "/__OPAL_SOURCE_MAPS__/browser/dom/document_fragment.self.map" for ::1 at 2016-12-27 10:08:34 +0000
Started GET "/__OPAL_SOURCE_MAPS__/browser/dom/builder.self.map" for ::1 at 2016-12-27 10:08:34 +0000
Started GET "/__OPAL_SOURCE_MAPS__/browser/dom/mutation_observer.self.map" for ::1 at 2016-12-27 10:08:34 +0000
Started GET "/__OPAL_SOURCE_MAPS__/browser/dom.self.map" for ::1 at 2016-12-27 10:08:34 +0000
Started GET "/__OPAL_SOURCE_MAPS__/browser/css/declaration.self.map" for ::1 at 2016-12-27 10:08:34 +0000
Started GET "/__OPAL_SOURCE_MAPS__/browser/css/rule.self.map" for ::1 at 2016-12-27 10:08:34 +0000
Started GET "/__OPAL_SOURCE_MAPS__/browser/css/style_sheet.self.map" for ::1 at 2016-12-27 10:08:34 +0000
Started GET "/__OPAL_SOURCE_MAPS__/browser/css/rule/style.self.map" for ::1 at 2016-12-27 10:08:34 +0000
Started GET "/__OPAL_SOURCE_MAPS__/browser/css.self.map" for ::1 at 2016-12-27 10:08:34 +0000
Started GET "/__OPAL_SOURCE_MAPS__/browser.self.map" for ::1 at 2016-12-27 10:08:34 +0000
Started GET "/__OPAL_SOURCE_MAPS__/components/home/welcome.self.map" for ::1 at 2016-12-27 10:08:34 +0000
Started GET "/__OPAL_SOURCE_MAPS__/browser/interval.self.map" for ::1 at 2016-12-27 10:08:34 +0000
Started GET "/__OPAL_SOURCE_MAPS__/components.self.map" for ::1 at 2016-12-27 10:08:34 +0000
Started GET "/__OPAL_SOURCE_MAPS__/browser/delay.self.map" for ::1 at 2016-12-27 10:08:34 +0000
Started GET "/__OPAL_SOURCE_MAPS__/home.self.map" for ::1 at 2016-12-27 10:08:34 +0000
Started GET "/__OPAL_SOURCE_MAPS__/corelib/proc.self.map" for ::1 at 2016-12-27 10:08:35 +0000
